2020-01-30 20:36:59.875  INFO 2848 --- [main] c.d.d.s.SpringclouddemoApplication       : Starting SpringclouddemoApplication on USER-20191130CS with PID 2848 (E:\project\idea-workspace\practice\springclouddemo\target\classes started by Administrator in E:\project\idea-workspace\practice\springclouddemo)
2020-01-30 20:36:59.902  INFO 2848 --- [main] c.d.d.s.SpringclouddemoApplication       : The following profiles are active: dev
2020-01-30 20:37:02.149  INFO 2848 --- [main] o.s.b.w.embedded.tomcat.TomcatWebServer  : Tomcat initialized with port(s): 8081 (http)
2020-01-30 20:37:02.166  INFO 2848 --- [main] o.a.coyote.http11.Http11NioProtocol      : Initializing ProtocolHandler ["http-nio-8081"]
2020-01-30 20:37:02.168  INFO 2848 --- [main] o.apache.catalina.core.StandardService   : Starting service [Tomcat]
2020-01-30 20:37:02.169  INFO 2848 --- [main] org.apache.catalina.core.StandardEngine  : Starting Servlet engine: [Apache Tomcat/9.0.29]
2020-01-30 20:37:02.368  INFO 2848 --- [main] o.a.c.c.C.[Tomcat].[localhost].[/]       : Initializing Spring embedded WebApplicationContext
2020-01-30 20:37:02.368  INFO 2848 --- [main] o.s.web.context.ContextLoader            : Root WebApplicationContext: initialization completed in 2366 ms
2020-01-30 20:37:03.776  INFO 2848 --- [main] o.s.s.concurrent.ThreadPoolTaskExecutor  : Initializing ExecutorService 'applicationTaskExecutor'
2020-01-30 20:37:04.282  INFO 2848 --- [main] o.a.coyote.http11.Http11NioProtocol      : Starting ProtocolHandler ["http-nio-8081"]
2020-01-30 20:37:04.322  INFO 2848 --- [main] o.s.b.w.embedded.tomcat.TomcatWebServer  : Tomcat started on port(s): 8081 (http) with context path ''
2020-01-30 20:37:04.328  INFO 2848 --- [main] c.d.d.s.SpringclouddemoApplication       : Started SpringclouddemoApplication in 6.034 seconds (JVM running for 8.028)
2020-01-30 20:40:31.903  INFO 2848 --- [http-nio-8081-exec-2] o.a.c.c.C.[Tomcat].[localhost].[/]       : Initializing Spring DispatcherServlet 'dispatcherServlet'
2020-01-30 20:40:31.904  INFO 2848 --- [http-nio-8081-exec-2] o.s.web.servlet.DispatcherServlet        : Initializing Servlet 'dispatcherServlet'
2020-01-30 20:40:31.915  INFO 2848 --- [http-nio-8081-exec-2] o.s.web.servlet.DispatcherServlet        : Completed initialization in 11 ms
2020-01-30 20:41:07.519  INFO 2848 --- [http-nio-8081-exec-3] com.zaxxer.hikari.HikariDataSource       : HikariPool-1 - Starting...
2020-01-30 20:46:14.609  INFO 5208 --- [main] c.d.d.s.SpringclouddemoApplication       : Starting SpringclouddemoApplication on USER-20191130CS with PID 5208 (E:\project\idea-workspace\practice\springclouddemo\target\classes started by Administrator in E:\project\idea-workspace\practice\springclouddemo)
2020-01-30 20:46:14.615  INFO 5208 --- [main] c.d.d.s.SpringclouddemoApplication       : The following profiles are active: dev
2020-01-30 20:46:16.321  INFO 5208 --- [main] o.s.b.w.embedded.tomcat.TomcatWebServer  : Tomcat initialized with port(s): 8081 (http)
2020-01-30 20:46:16.332  INFO 5208 --- [main] o.a.coyote.http11.Http11NioProtocol      : Initializing ProtocolHandler ["http-nio-8081"]
2020-01-30 20:46:16.333  INFO 5208 --- [main] o.apache.catalina.core.StandardService   : Starting service [Tomcat]
2020-01-30 20:46:16.334  INFO 5208 --- [main] org.apache.catalina.core.StandardEngine  : Starting Servlet engine: [Apache Tomcat/9.0.29]
2020-01-30 20:46:16.487  INFO 5208 --- [main] o.a.c.c.C.[Tomcat].[localhost].[/]       : Initializing Spring embedded WebApplicationContext
2020-01-30 20:46:16.487  INFO 5208 --- [main] o.s.web.context.ContextLoader            : Root WebApplicationContext: initialization completed in 1740 ms
2020-01-30 20:46:17.630  INFO 5208 --- [main] o.s.s.concurrent.ThreadPoolTaskExecutor  : Initializing ExecutorService 'applicationTaskExecutor'
2020-01-30 20:46:17.886  INFO 5208 --- [main] o.a.coyote.http11.Http11NioProtocol      : Starting ProtocolHandler ["http-nio-8081"]
2020-01-30 20:46:17.918  INFO 5208 --- [main] o.s.b.w.embedded.tomcat.TomcatWebServer  : Tomcat started on port(s): 8081 (http) with context path ''
2020-01-30 20:46:17.922  INFO 5208 --- [main] c.d.d.s.SpringclouddemoApplication       : Started SpringclouddemoApplication in 4.413 seconds (JVM running for 5.889)
2020-01-30 20:46:33.090  INFO 5208 --- [http-nio-8081-exec-2] o.a.c.c.C.[Tomcat].[localhost].[/]       : Initializing Spring DispatcherServlet 'dispatcherServlet'
2020-01-30 20:46:33.092  INFO 5208 --- [http-nio-8081-exec-2] o.s.web.servlet.DispatcherServlet        : Initializing Servlet 'dispatcherServlet'
2020-01-30 20:46:33.104  INFO 5208 --- [http-nio-8081-exec-2] o.s.web.servlet.DispatcherServlet        : Completed initialization in 12 ms
2020-01-30 20:46:33.223  INFO 5208 --- [http-nio-8081-exec-2] com.zaxxer.hikari.HikariDataSource       : HikariPool-1 - Starting...
2020-01-30 20:46:33.411  INFO 5208 --- [http-nio-8081-exec-2] com.zaxxer.hikari.HikariDataSource       : HikariPool-1 - Start completed.
2020-01-30 21:08:14.835  INFO 11012 --- [main] c.d.d.s.SpringclouddemoApplication       : Starting SpringclouddemoApplication on USER-20191130CS with PID 11012 (E:\project\idea-workspace\practice\springclouddemo\target\classes started by Administrator in E:\project\idea-workspace\practice\springclouddemo)
2020-01-30 21:08:14.840  INFO 11012 --- [main] c.d.d.s.SpringclouddemoApplication       : The following profiles are active: dev
2020-01-30 21:08:16.468  INFO 11012 --- [main] o.s.b.w.embedded.tomcat.TomcatWebServer  : Tomcat initialized with port(s): 8081 (http)
2020-01-30 21:08:16.479  INFO 11012 --- [main] o.a.coyote.http11.Http11NioProtocol      : Initializing ProtocolHandler ["http-nio-8081"]
2020-01-30 21:08:16.481  INFO 11012 --- [main] o.apache.catalina.core.StandardService   : Starting service [Tomcat]
2020-01-30 21:08:16.481  INFO 11012 --- [main] org.apache.catalina.core.StandardEngine  : Starting Servlet engine: [Apache Tomcat/9.0.29]
2020-01-30 21:08:16.637  INFO 11012 --- [main] o.a.c.c.C.[Tomcat].[localhost].[/]       : Initializing Spring embedded WebApplicationContext
2020-01-30 21:08:16.637  INFO 11012 --- [main] o.s.web.context.ContextLoader            : Root WebApplicationContext: initialization completed in 1714 ms
2020-01-30 21:08:17.659  INFO 11012 --- [main] o.s.s.concurrent.ThreadPoolTaskExecutor  : Initializing ExecutorService 'applicationTaskExecutor'
2020-01-30 21:08:17.887  INFO 11012 --- [main] o.a.coyote.http11.Http11NioProtocol      : Starting ProtocolHandler ["http-nio-8081"]
2020-01-30 21:08:17.915  INFO 11012 --- [main] o.s.b.w.embedded.tomcat.TomcatWebServer  : Tomcat started on port(s): 8081 (http) with context path ''
2020-01-30 21:08:17.919  INFO 11012 --- [main] c.d.d.s.SpringclouddemoApplication       : Started SpringclouddemoApplication in 4.246 seconds (JVM running for 5.714)
2020-01-30 21:09:09.209  INFO 11012 --- [http-nio-8081-exec-1] o.a.c.c.C.[Tomcat].[localhost].[/]       : Initializing Spring DispatcherServlet 'dispatcherServlet'
2020-01-30 21:09:09.210  INFO 11012 --- [http-nio-8081-exec-1] o.s.web.servlet.DispatcherServlet        : Initializing Servlet 'dispatcherServlet'
2020-01-30 21:09:09.225  INFO 11012 --- [http-nio-8081-exec-1] o.s.web.servlet.DispatcherServlet        : Completed initialization in 14 ms
2020-01-30 21:09:09.341  INFO 11012 --- [http-nio-8081-exec-1] com.zaxxer.hikari.HikariDataSource       : HikariPool-1 - Starting...
2020-01-30 21:09:09.569  INFO 11012 --- [http-nio-8081-exec-1] com.zaxxer.hikari.HikariDataSource       : HikariPool-1 - Start completed.
2020-01-30 21:10:59.522  INFO 10684 --- [main] c.d.d.s.SpringclouddemoApplication       : Starting SpringclouddemoApplication on USER-20191130CS with PID 10684 (E:\project\idea-workspace\practice\springclouddemo\target\classes started by Administrator in E:\project\idea-workspace\practice\springclouddemo)
2020-01-30 21:10:59.530  INFO 10684 --- [main] c.d.d.s.SpringclouddemoApplication       : The following profiles are active: dev
2020-01-30 21:11:01.254  INFO 10684 --- [main] o.s.b.w.embedded.tomcat.TomcatWebServer  : Tomcat initialized with port(s): 8081 (http)
2020-01-30 21:11:01.266  INFO 10684 --- [main] o.a.coyote.http11.Http11NioProtocol      : Initializing ProtocolHandler ["http-nio-8081"]
2020-01-30 21:11:01.267  INFO 10684 --- [main] o.apache.catalina.core.StandardService   : Starting service [Tomcat]
2020-01-30 21:11:01.268  INFO 10684 --- [main] org.apache.catalina.core.StandardEngine  : Starting Servlet engine: [Apache Tomcat/9.0.29]
2020-01-30 21:11:01.432  INFO 10684 --- [main] o.a.c.c.C.[Tomcat].[localhost].[/]       : Initializing Spring embedded WebApplicationContext
2020-01-30 21:11:01.433  INFO 10684 --- [main] o.s.web.context.ContextLoader            : Root WebApplicationContext: initialization completed in 1822 ms
2020-01-30 21:11:02.461  INFO 10684 --- [main] o.s.s.concurrent.ThreadPoolTaskExecutor  : Initializing ExecutorService 'applicationTaskExecutor'
2020-01-30 21:11:02.720  INFO 10684 --- [main] o.a.coyote.http11.Http11NioProtocol      : Starting ProtocolHandler ["http-nio-8081"]
2020-01-30 21:11:02.750  INFO 10684 --- [main] o.s.b.w.embedded.tomcat.TomcatWebServer  : Tomcat started on port(s): 8081 (http) with context path ''
2020-01-30 21:11:02.754  INFO 10684 --- [main] c.d.d.s.SpringclouddemoApplication       : Started SpringclouddemoApplication in 4.549 seconds (JVM running for 6.104)
2020-01-30 21:16:03.792  INFO 244 --- [main] c.d.d.s.SpringclouddemoApplication       : Starting SpringclouddemoApplication on USER-20191130CS with PID 244 (E:\project\idea-workspace\practice\springclouddemo\target\classes started by Administrator in E:\project\idea-workspace\practice\springclouddemo)
2020-01-30 21:16:03.798  INFO 244 --- [main] c.d.d.s.SpringclouddemoApplication       : The following profiles are active: dev
2020-01-30 21:16:05.789  INFO 244 --- [main] o.s.b.w.embedded.tomcat.TomcatWebServer  : Tomcat initialized with port(s): 8081 (http)
2020-01-30 21:16:05.812  INFO 244 --- [main] o.a.coyote.http11.Http11NioProtocol      : Initializing ProtocolHandler ["http-nio-8081"]
2020-01-30 21:16:05.813  INFO 244 --- [main] o.apache.catalina.core.StandardService   : Starting service [Tomcat]
2020-01-30 21:16:05.813  INFO 244 --- [main] org.apache.catalina.core.StandardEngine  : Starting Servlet engine: [Apache Tomcat/9.0.29]
2020-01-30 21:16:06.001  INFO 244 --- [main] o.a.c.c.C.[Tomcat].[localhost].[/]       : Initializing Spring embedded WebApplicationContext
2020-01-30 21:16:06.002  INFO 244 --- [main] o.s.web.context.ContextLoader            : Root WebApplicationContext: initialization completed in 2117 ms
2020-01-30 21:16:07.313  INFO 244 --- [main] o.s.s.concurrent.ThreadPoolTaskExecutor  : Initializing ExecutorService 'applicationTaskExecutor'
2020-01-30 21:16:07.615  INFO 244 --- [main] o.a.coyote.http11.Http11NioProtocol      : Starting ProtocolHandler ["http-nio-8081"]
2020-01-30 21:16:07.659  INFO 244 --- [main] o.s.b.w.embedded.tomcat.TomcatWebServer  : Tomcat started on port(s): 8081 (http) with context path ''
2020-01-30 21:16:07.664  INFO 244 --- [main] c.d.d.s.SpringclouddemoApplication       : Started SpringclouddemoApplication in 5.214 seconds (JVM running for 8.525)
2020-01-30 21:16:55.568  INFO 244 --- [http-nio-8081-exec-2] o.a.c.c.C.[Tomcat].[localhost].[/]       : Initializing Spring DispatcherServlet 'dispatcherServlet'
2020-01-30 21:16:55.569  INFO 244 --- [http-nio-8081-exec-2] o.s.web.servlet.DispatcherServlet        : Initializing Servlet 'dispatcherServlet'
2020-01-30 21:16:55.585  INFO 244 --- [http-nio-8081-exec-2] o.s.web.servlet.DispatcherServlet        : Completed initialization in 15 ms
2020-01-30 21:23:31.635  INFO 244 --- [SpringContextShutdownHook] o.s.s.concurrent.ThreadPoolTaskExecutor  : Shutting down ExecutorService 'applicationTaskExecutor'
2020-01-30 21:25:18.621  INFO 1932 --- [main] c.d.d.s.SpringclouddemoApplication       : Starting SpringclouddemoApplication on USER-20191130CS with PID 1932 (E:\project\idea-workspace\practice\springclouddemo\target\classes started by Administrator in E:\project\idea-workspace\practice\springclouddemo)
2020-01-30 21:25:18.629  INFO 1932 --- [main] c.d.d.s.SpringclouddemoApplication       : The following profiles are active: dev
2020-01-30 21:25:21.295  INFO 1932 --- [main] o.s.b.w.embedded.tomcat.TomcatWebServer  : Tomcat initialized with port(s): 8081 (http)
2020-01-30 21:25:21.313  INFO 1932 --- [main] o.a.coyote.http11.Http11NioProtocol      : Initializing ProtocolHandler ["http-nio-8081"]
2020-01-30 21:25:21.315  INFO 1932 --- [main] o.apache.catalina.core.StandardService   : Starting service [Tomcat]
2020-01-30 21:25:21.316  INFO 1932 --- [main] org.apache.catalina.core.StandardEngine  : Starting Servlet engine: [Apache Tomcat/9.0.29]
2020-01-30 21:25:21.526  INFO 1932 --- [main] o.a.c.c.C.[Tomcat].[localhost].[/]       : Initializing Spring embedded WebApplicationContext
2020-01-30 21:25:21.527  INFO 1932 --- [main] o.s.web.context.ContextLoader            : Root WebApplicationContext: initialization completed in 2806 ms
2020-01-30 21:25:22.987  INFO 1932 --- [main] o.s.s.concurrent.ThreadPoolTaskExecutor  : Initializing ExecutorService 'applicationTaskExecutor'
2020-01-30 21:25:23.305  INFO 1932 --- [main] o.a.coyote.http11.Http11NioProtocol      : Starting ProtocolHandler ["http-nio-8081"]
2020-01-30 21:25:23.347  INFO 1932 --- [main] o.s.b.w.embedded.tomcat.TomcatWebServer  : Tomcat started on port(s): 8081 (http) with context path ''
2020-01-30 21:25:23.353  INFO 1932 --- [main] c.d.d.s.SpringclouddemoApplication       : Started SpringclouddemoApplication in 5.857 seconds (JVM running for 9.181)
2020-01-30 21:25:51.425  INFO 1932 --- [http-nio-8081-exec-2] o.a.c.c.C.[Tomcat].[localhost].[/]       : Initializing Spring DispatcherServlet 'dispatcherServlet'
2020-01-30 21:25:51.426  INFO 1932 --- [http-nio-8081-exec-2] o.s.web.servlet.DispatcherServlet        : Initializing Servlet 'dispatcherServlet'
2020-01-30 21:25:51.440  INFO 1932 --- [http-nio-8081-exec-2] o.s.web.servlet.DispatcherServlet        : Completed initialization in 14 ms
2020-01-30 21:25:56.082  INFO 1932 --- [http-nio-8081-exec-2] com.zaxxer.hikari.HikariDataSource       : HikariPool-1 - Starting...
2020-01-30 21:25:56.880  INFO 1932 --- [http-nio-8081-exec-2] com.zaxxer.hikari.HikariDataSource       : HikariPool-1 - Start completed.
2020-01-30 21:34:44.536  INFO 1932 --- [SpringContextShutdownHook] o.s.s.concurrent.ThreadPoolTaskExecutor  : Shutting down ExecutorService 'applicationTaskExecutor'
2020-01-30 21:34:44.538  INFO 1932 --- [SpringContextShutdownHook] com.zaxxer.hikari.HikariDataSource       : HikariPool-1 - Shutdown initiated...
2020-01-30 21:34:44.553  INFO 1932 --- [SpringContextShutdownHook] com.zaxxer.hikari.HikariDataSource       : HikariPool-1 - Shutdown completed.
2020-01-30 21:34:58.139  INFO 11996 --- [main] c.d.d.s.SpringclouddemoApplication       : Starting SpringclouddemoApplication on USER-20191130CS with PID 11996 (E:\project\idea-workspace\practice\springclouddemo\target\classes started by Administrator in E:\project\idea-workspace\practice\springclouddemo)
2020-01-30 21:34:58.144  INFO 11996 --- [main] c.d.d.s.SpringclouddemoApplication       : The following profiles are active: dev
2020-01-30 21:35:00.255  INFO 11996 --- [main] o.s.b.w.embedded.tomcat.TomcatWebServer  : Tomcat initialized with port(s): 8081 (http)
2020-01-30 21:35:00.270  INFO 11996 --- [main] o.a.coyote.http11.Http11NioProtocol      : Initializing ProtocolHandler ["http-nio-8081"]
2020-01-30 21:35:00.272  INFO 11996 --- [main] o.apache.catalina.core.StandardService   : Starting service [Tomcat]
2020-01-30 21:35:00.272  INFO 11996 --- [main] org.apache.catalina.core.StandardEngine  : Starting Servlet engine: [Apache Tomcat/9.0.29]
2020-01-30 21:35:00.471  INFO 11996 --- [main] o.a.c.c.C.[Tomcat].[localhost].[/]       : Initializing Spring embedded WebApplicationContext
2020-01-30 21:35:00.472  INFO 11996 --- [main] o.s.web.context.ContextLoader            : Root WebApplicationContext: initialization completed in 2242 ms
2020-01-30 21:35:01.735  INFO 11996 --- [main] o.s.s.concurrent.ThreadPoolTaskExecutor  : Initializing ExecutorService 'applicationTaskExecutor'
2020-01-30 21:35:02.035  INFO 11996 --- [main] o.a.coyote.http11.Http11NioProtocol      : Starting ProtocolHandler ["http-nio-8081"]
2020-01-30 21:35:02.076  INFO 11996 --- [main] o.s.b.w.embedded.tomcat.TomcatWebServer  : Tomcat started on port(s): 8081 (http) with context path ''
2020-01-30 21:35:02.081  INFO 11996 --- [main] c.d.d.s.SpringclouddemoApplication       : Started SpringclouddemoApplication in 5.355 seconds (JVM running for 7.451)
2020-01-30 21:36:31.097  INFO 11996 --- [http-nio-8081-exec-2] o.a.c.c.C.[Tomcat].[localhost].[/]       : Initializing Spring DispatcherServlet 'dispatcherServlet'
2020-01-30 21:36:31.097  INFO 11996 --- [http-nio-8081-exec-2] o.s.web.servlet.DispatcherServlet        : Initializing Servlet 'dispatcherServlet'
2020-01-30 21:36:31.114  INFO 11996 --- [http-nio-8081-exec-2] o.s.web.servlet.DispatcherServlet        : Completed initialization in 16 ms
2020-01-30 21:42:56.406  INFO 11996 --- [SpringContextShutdownHook] o.s.s.concurrent.ThreadPoolTaskExecutor  : Shutting down ExecutorService 'applicationTaskExecutor'
2020-01-30 21:43:07.340  INFO 4340 --- [main] c.d.d.s.SpringclouddemoApplication       : Starting SpringclouddemoApplication on USER-20191130CS with PID 4340 (E:\project\idea-workspace\practice\springclouddemo\target\classes started by Administrator in E:\project\idea-workspace\practice\springclouddemo)
2020-01-30 21:43:07.346  INFO 4340 --- [main] c.d.d.s.SpringclouddemoApplication       : The following profiles are active: dev
2020-01-30 21:43:09.292  INFO 4340 --- [main] o.s.b.w.embedded.tomcat.TomcatWebServer  : Tomcat initialized with port(s): 8081 (http)
2020-01-30 21:43:09.305  INFO 4340 --- [main] o.a.coyote.http11.Http11NioProtocol      : Initializing ProtocolHandler ["http-nio-8081"]
2020-01-30 21:43:09.307  INFO 4340 --- [main] o.apache.catalina.core.StandardService   : Starting service [Tomcat]
2020-01-30 21:43:09.307  INFO 4340 --- [main] org.apache.catalina.core.StandardEngine  : Starting Servlet engine: [Apache Tomcat/9.0.29]
2020-01-30 21:43:09.499  INFO 4340 --- [main] o.a.c.c.C.[Tomcat].[localhost].[/]       : Initializing Spring embedded WebApplicationContext
2020-01-30 21:43:09.500  INFO 4340 --- [main] o.s.web.context.ContextLoader            : Root WebApplicationContext: initialization completed in 2065 ms
2020-01-30 21:43:10.737  INFO 4340 --- [main] o.s.s.concurrent.ThreadPoolTaskExecutor  : Initializing ExecutorService 'applicationTaskExecutor'
2020-01-30 21:43:11.027  INFO 4340 --- [main] o.a.coyote.http11.Http11NioProtocol      : Starting ProtocolHandler ["http-nio-8081"]
2020-01-30 21:43:11.066  INFO 4340 --- [main] o.s.b.w.embedded.tomcat.TomcatWebServer  : Tomcat started on port(s): 8081 (http) with context path ''
2020-01-30 21:43:11.072  INFO 4340 --- [main] c.d.d.s.SpringclouddemoApplication       : Started SpringclouddemoApplication in 5.353 seconds (JVM running for 7.386)
2020-01-30 21:43:41.715  INFO 4340 --- [http-nio-8081-exec-1] o.a.c.c.C.[Tomcat].[localhost].[/]       : Initializing Spring DispatcherServlet 'dispatcherServlet'
2020-01-30 21:43:41.716  INFO 4340 --- [http-nio-8081-exec-1] o.s.web.servlet.DispatcherServlet        : Initializing Servlet 'dispatcherServlet'
2020-01-30 21:43:41.729  INFO 4340 --- [http-nio-8081-exec-1] o.s.web.servlet.DispatcherServlet        : Completed initialization in 13 ms
2020-01-30 21:43:50.940  INFO 4340 --- [http-nio-8081-exec-4] com.zaxxer.hikari.HikariDataSource       : HikariPool-1 - Starting...
2020-01-30 21:43:51.777  INFO 4340 --- [http-nio-8081-exec-4] com.zaxxer.hikari.HikariDataSource       : HikariPool-1 - Start completed.
2020-01-30 21:51:58.547  INFO 4340 --- [SpringContextShutdownHook] o.s.s.concurrent.ThreadPoolTaskExecutor  : Shutting down ExecutorService 'applicationTaskExecutor'
2020-01-30 21:51:58.548  INFO 4340 --- [SpringContextShutdownHook] com.zaxxer.hikari.HikariDataSource       : HikariPool-1 - Shutdown initiated...
2020-01-30 21:51:58.565  INFO 4340 --- [SpringContextShutdownHook] com.zaxxer.hikari.HikariDataSource       : HikariPool-1 - Shutdown completed.
2020-01-30 21:52:14.116  INFO 7308 --- [main] c.d.d.s.SpringclouddemoApplication       : Starting SpringclouddemoApplication on USER-20191130CS with PID 7308 (E:\project\idea-workspace\practice\springclouddemo\target\classes started by Administrator in E:\project\idea-workspace\practice\springclouddemo)
2020-01-30 21:52:14.123  INFO 7308 --- [main] c.d.d.s.SpringclouddemoApplication       : The following profiles are active: dev
2020-01-30 21:52:16.068  INFO 7308 --- [main] o.s.b.w.embedded.tomcat.TomcatWebServer  : Tomcat initialized with port(s): 8081 (http)
2020-01-30 21:52:16.084  INFO 7308 --- [main] o.a.coyote.http11.Http11NioProtocol      : Initializing ProtocolHandler ["http-nio-8081"]
2020-01-30 21:52:16.085  INFO 7308 --- [main] o.apache.catalina.core.StandardService   : Starting service [Tomcat]
2020-01-30 21:52:16.086  INFO 7308 --- [main] org.apache.catalina.core.StandardEngine  : Starting Servlet engine: [Apache Tomcat/9.0.29]
2020-01-30 21:52:16.268  INFO 7308 --- [main] o.a.c.c.C.[Tomcat].[localhost].[/]       : Initializing Spring embedded WebApplicationContext
2020-01-30 21:52:16.268  INFO 7308 --- [main] o.s.web.context.ContextLoader            : Root WebApplicationContext: initialization completed in 2051 ms
2020-01-30 21:52:17.490  INFO 7308 --- [main] o.s.s.concurrent.ThreadPoolTaskExecutor  : Initializing ExecutorService 'applicationTaskExecutor'
2020-01-30 21:52:17.783  INFO 7308 --- [main] o.a.coyote.http11.Http11NioProtocol      : Starting ProtocolHandler ["http-nio-8081"]
2020-01-30 21:52:17.822  INFO 7308 --- [main] o.s.b.w.embedded.tomcat.TomcatWebServer  : Tomcat started on port(s): 8081 (http) with context path ''
2020-01-30 21:52:17.828  INFO 7308 --- [main] c.d.d.s.SpringclouddemoApplication       : Started SpringclouddemoApplication in 5.147 seconds (JVM running for 7.803)
2020-01-30 21:52:44.834  INFO 7308 --- [http-nio-8081-exec-1] o.a.c.c.C.[Tomcat].[localhost].[/]       : Initializing Spring DispatcherServlet 'dispatcherServlet'
2020-01-30 21:52:44.834  INFO 7308 --- [http-nio-8081-exec-1] o.s.web.servlet.DispatcherServlet        : Initializing Servlet 'dispatcherServlet'
2020-01-30 21:52:44.849  INFO 7308 --- [http-nio-8081-exec-1] o.s.web.servlet.DispatcherServlet        : Completed initialization in 14 ms
2020-01-30 21:54:16.662  INFO 7308 --- [http-nio-8081-exec-10] com.zaxxer.hikari.HikariDataSource       : HikariPool-1 - Starting...
2020-01-30 21:54:17.598  INFO 7308 --- [http-nio-8081-exec-10] com.zaxxer.hikari.HikariDataSource       : HikariPool-1 - Start completed.
2020-01-30 21:55:16.807  INFO 7308 --- [SpringContextShutdownHook] o.s.s.concurrent.ThreadPoolTaskExecutor  : Shutting down ExecutorService 'applicationTaskExecutor'
2020-01-30 21:55:16.809  INFO 7308 --- [SpringContextShutdownHook] com.zaxxer.hikari.HikariDataSource       : HikariPool-1 - Shutdown initiated...
2020-01-30 21:55:16.825  INFO 7308 --- [SpringContextShutdownHook] com.zaxxer.hikari.HikariDataSource       : HikariPool-1 - Shutdown completed.
2020-01-30 21:55:29.961  INFO 7040 --- [main] c.d.d.s.SpringclouddemoApplication       : Starting SpringclouddemoApplication on USER-20191130CS with PID 7040 (E:\project\idea-workspace\practice\springclouddemo\target\classes started by Administrator in E:\project\idea-workspace\practice\springclouddemo)
2020-01-30 21:55:29.981  INFO 7040 --- [main] c.d.d.s.SpringclouddemoApplication       : The following profiles are active: dev
2020-01-30 21:55:32.216  INFO 7040 --- [main] o.s.b.w.embedded.tomcat.TomcatWebServer  : Tomcat initialized with port(s): 8081 (http)
2020-01-30 21:55:32.231  INFO 7040 --- [main] o.a.coyote.http11.Http11NioProtocol      : Initializing ProtocolHandler ["http-nio-8081"]
2020-01-30 21:55:32.232  INFO 7040 --- [main] o.apache.catalina.core.StandardService   : Starting service [Tomcat]
2020-01-30 21:55:32.233  INFO 7040 --- [main] org.apache.catalina.core.StandardEngine  : Starting Servlet engine: [Apache Tomcat/9.0.29]
2020-01-30 21:55:32.424  INFO 7040 --- [main] o.a.c.c.C.[Tomcat].[localhost].[/]       : Initializing Spring embedded WebApplicationContext
2020-01-30 21:55:32.425  INFO 7040 --- [main] o.s.web.context.ContextLoader            : Root WebApplicationContext: initialization completed in 2317 ms
2020-01-30 21:55:33.660  INFO 7040 --- [main] o.s.s.concurrent.ThreadPoolTaskExecutor  : Initializing ExecutorService 'applicationTaskExecutor'
2020-01-30 21:55:33.954  INFO 7040 --- [main] o.a.coyote.http11.Http11NioProtocol      : Starting ProtocolHandler ["http-nio-8081"]
2020-01-30 21:55:33.996  INFO 7040 --- [main] o.s.b.w.embedded.tomcat.TomcatWebServer  : Tomcat started on port(s): 8081 (http) with context path ''
2020-01-30 21:55:34.003  INFO 7040 --- [main] c.d.d.s.SpringclouddemoApplication       : Started SpringclouddemoApplication in 5.67 seconds (JVM running for 7.423)
2020-01-30 21:56:12.250  INFO 7040 --- [http-nio-8081-exec-1] o.a.c.c.C.[Tomcat].[localhost].[/]       : Initializing Spring DispatcherServlet 'dispatcherServlet'
2020-01-30 21:56:12.251  INFO 7040 --- [http-nio-8081-exec-1] o.s.web.servlet.DispatcherServlet        : Initializing Servlet 'dispatcherServlet'
2020-01-30 21:56:12.267  INFO 7040 --- [http-nio-8081-exec-1] o.s.web.servlet.DispatcherServlet        : Completed initialization in 14 ms
2020-01-30 21:56:17.123  INFO 7040 --- [http-nio-8081-exec-1] com.zaxxer.hikari.HikariDataSource       : HikariPool-1 - Starting...
2020-01-30 21:56:17.368  INFO 7040 --- [http-nio-8081-exec-1] com.zaxxer.hikari.HikariDataSource       : HikariPool-1 - Start completed.
2020-01-30 22:08:15.025  INFO 7040 --- [SpringContextShutdownHook] o.s.s.concurrent.ThreadPoolTaskExecutor  : Shutting down ExecutorService 'applicationTaskExecutor'
2020-01-30 22:08:15.027  INFO 7040 --- [SpringContextShutdownHook] com.zaxxer.hikari.HikariDataSource       : HikariPool-1 - Shutdown initiated...
2020-01-30 22:08:15.043  INFO 7040 --- [SpringContextShutdownHook] com.zaxxer.hikari.HikariDataSource       : HikariPool-1 - Shutdown completed.
2020-01-30 22:08:21.512  INFO 10816 --- [main] c.d.d.s.SpringclouddemoApplication       : Starting SpringclouddemoApplication on USER-20191130CS with PID 10816 (E:\project\idea-workspace\practice\springclouddemo\target\classes started by Administrator in E:\project\idea-workspace\practice\springclouddemo)
2020-01-30 22:08:21.520  INFO 10816 --- [main] c.d.d.s.SpringclouddemoApplication       : The following profiles are active: dev
2020-01-30 22:08:23.485  INFO 10816 --- [main] o.s.b.w.embedded.tomcat.TomcatWebServer  : Tomcat initialized with port(s): 8081 (http)
2020-01-30 22:08:23.500  INFO 10816 --- [main] o.a.coyote.http11.Http11NioProtocol      : Initializing ProtocolHandler ["http-nio-8081"]
2020-01-30 22:08:23.502  INFO 10816 --- [main] o.apache.catalina.core.StandardService   : Starting service [Tomcat]
2020-01-30 22:08:23.503  INFO 10816 --- [main] org.apache.catalina.core.StandardEngine  : Starting Servlet engine: [Apache Tomcat/9.0.29]
2020-01-30 22:08:23.682  INFO 10816 --- [main] o.a.c.c.C.[Tomcat].[localhost].[/]       : Initializing Spring embedded WebApplicationContext
2020-01-30 22:08:23.682  INFO 10816 --- [main] o.s.web.context.ContextLoader            : Root WebApplicationContext: initialization completed in 2058 ms
2020-01-30 22:08:24.986  INFO 10816 --- [main] o.s.s.concurrent.ThreadPoolTaskExecutor  : Initializing ExecutorService 'applicationTaskExecutor'
2020-01-30 22:08:25.302  INFO 10816 --- [main] o.a.coyote.http11.Http11NioProtocol      : Starting ProtocolHandler ["http-nio-8081"]
2020-01-30 22:08:25.342  INFO 10816 --- [main] o.s.b.w.embedded.tomcat.TomcatWebServer  : Tomcat started on port(s): 8081 (http) with context path ''
2020-01-30 22:08:25.348  INFO 10816 --- [main] c.d.d.s.SpringclouddemoApplication       : Started SpringclouddemoApplication in 5.231 seconds (JVM running for 6.814)
2020-01-30 22:08:56.854  INFO 10816 --- [http-nio-8081-exec-3] o.a.c.c.C.[Tomcat].[localhost].[/]       : Initializing Spring DispatcherServlet 'dispatcherServlet'
2020-01-30 22:08:56.855  INFO 10816 --- [http-nio-8081-exec-3] o.s.web.servlet.DispatcherServlet        : Initializing Servlet 'dispatcherServlet'
2020-01-30 22:08:56.869  INFO 10816 --- [http-nio-8081-exec-3] o.s.web.servlet.DispatcherServlet        : Completed initialization in 14 ms
2020-01-30 22:09:02.047  INFO 10816 --- [http-nio-8081-exec-3] com.zaxxer.hikari.HikariDataSource       : HikariPool-1 - Starting...
2020-01-30 22:09:02.403  INFO 10816 --- [http-nio-8081-exec-3] com.zaxxer.hikari.HikariDataSource       : HikariPool-1 - Start completed.
2020-01-30 22:13:43.662  INFO 10816 --- [SpringContextShutdownHook] o.s.s.concurrent.ThreadPoolTaskExecutor  : Shutting down ExecutorService 'applicationTaskExecutor'
2020-01-30 22:13:43.664  INFO 10816 --- [SpringContextShutdownHook] com.zaxxer.hikari.HikariDataSource       : HikariPool-1 - Shutdown initiated...
2020-01-30 22:13:43.680  INFO 10816 --- [SpringContextShutdownHook] com.zaxxer.hikari.HikariDataSource       : HikariPool-1 - Shutdown completed.
2020-01-30 22:13:54.510  INFO 12176 --- [main] c.d.d.s.SpringclouddemoApplication       : Starting SpringclouddemoApplication on USER-20191130CS with PID 12176 (E:\project\idea-workspace\practice\springclouddemo\target\classes started by Administrator in E:\project\idea-workspace\practice\springclouddemo)
2020-01-30 22:13:54.519  INFO 12176 --- [main] c.d.d.s.SpringclouddemoApplication       : The following profiles are active: dev
2020-01-30 22:13:56.577  INFO 12176 --- [main] o.s.b.w.embedded.tomcat.TomcatWebServer  : Tomcat initialized with port(s): 8081 (http)
2020-01-30 22:13:56.595  INFO 12176 --- [main] o.a.coyote.http11.Http11NioProtocol      : Initializing ProtocolHandler ["http-nio-8081"]
2020-01-30 22:13:56.596  INFO 12176 --- [main] o.apache.catalina.core.StandardService   : Starting service [Tomcat]
2020-01-30 22:13:56.597  INFO 12176 --- [main] org.apache.catalina.core.StandardEngine  : Starting Servlet engine: [Apache Tomcat/9.0.29]
2020-01-30 22:13:56.795  INFO 12176 --- [main] o.a.c.c.C.[Tomcat].[localhost].[/]       : Initializing Spring embedded WebApplicationContext
2020-01-30 22:13:56.795  INFO 12176 --- [main] o.s.web.context.ContextLoader            : Root WebApplicationContext: initialization completed in 2183 ms
2020-01-30 22:13:58.168  INFO 12176 --- [main] o.s.s.concurrent.ThreadPoolTaskExecutor  : Initializing ExecutorService 'applicationTaskExecutor'
2020-01-30 22:13:58.463  INFO 12176 --- [main] o.a.coyote.http11.Http11NioProtocol      : Starting ProtocolHandler ["http-nio-8081"]
2020-01-30 22:13:58.505  INFO 12176 --- [main] o.s.b.w.embedded.tomcat.TomcatWebServer  : Tomcat started on port(s): 8081 (http) with context path ''
2020-01-30 22:13:58.510  INFO 12176 --- [main] c.d.d.s.SpringclouddemoApplication       : Started SpringclouddemoApplication in 5.511 seconds (JVM running for 7.299)
2020-01-30 22:14:08.067  INFO 12176 --- [http-nio-8081-exec-2] o.a.c.c.C.[Tomcat].[localhost].[/]       : Initializing Spring DispatcherServlet 'dispatcherServlet'
2020-01-30 22:14:08.068  INFO 12176 --- [http-nio-8081-exec-2] o.s.web.servlet.DispatcherServlet        : Initializing Servlet 'dispatcherServlet'
2020-01-30 22:14:08.085  INFO 12176 --- [http-nio-8081-exec-2] o.s.web.servlet.DispatcherServlet        : Completed initialization in 17 ms
2020-01-30 22:14:11.150  INFO 12176 --- [http-nio-8081-exec-2] com.zaxxer.hikari.HikariDataSource       : HikariPool-1 - Starting...
2020-01-30 22:14:12.030  INFO 12176 --- [http-nio-8081-exec-2] com.zaxxer.hikari.HikariDataSource       : HikariPool-1 - Start completed.
2020-01-30 22:29:02.950  INFO 12176 --- [SpringContextShutdownHook] o.s.s.concurrent.ThreadPoolTaskExecutor  : Shutting down ExecutorService 'applicationTaskExecutor'
2020-01-30 22:29:02.952  INFO 12176 --- [SpringContextShutdownHook] com.zaxxer.hikari.HikariDataSource       : HikariPool-1 - Shutdown initiated...
2020-01-30 22:29:02.968  INFO 12176 --- [SpringContextShutdownHook] com.zaxxer.hikari.HikariDataSource       : HikariPool-1 - Shutdown completed.
2020-01-30 22:29:12.503  INFO 4276 --- [main] c.d.d.s.SpringclouddemoApplication       : Starting SpringclouddemoApplication on USER-20191130CS with PID 4276 (E:\project\idea-workspace\practice\springclouddemo\target\classes started by Administrator in E:\project\idea-workspace\practice\springclouddemo)
2020-01-30 22:29:12.511  INFO 4276 --- [main] c.d.d.s.SpringclouddemoApplication       : The following profiles are active: dev
2020-01-30 22:29:14.520  INFO 4276 --- [main] o.s.b.w.embedded.tomcat.TomcatWebServer  : Tomcat initialized with port(s): 8081 (http)
2020-01-30 22:29:14.536  INFO 4276 --- [main] o.a.coyote.http11.Http11NioProtocol      : Initializing ProtocolHandler ["http-nio-8081"]
2020-01-30 22:29:14.537  INFO 4276 --- [main] o.apache.catalina.core.StandardService   : Starting service [Tomcat]
2020-01-30 22:29:14.538  INFO 4276 --- [main] org.apache.catalina.core.StandardEngine  : Starting Servlet engine: [Apache Tomcat/9.0.29]
2020-01-30 22:29:14.724  INFO 4276 --- [main] o.a.c.c.C.[Tomcat].[localhost].[/]       : Initializing Spring embedded WebApplicationContext
2020-01-30 22:29:14.725  INFO 4276 --- [main] o.s.web.context.ContextLoader            : Root WebApplicationContext: initialization completed in 2102 ms
2020-01-30 22:29:15.997  INFO 4276 --- [main] o.s.s.concurrent.ThreadPoolTaskExecutor  : Initializing ExecutorService 'applicationTaskExecutor'
2020-01-30 22:29:16.295  INFO 4276 --- [main] o.a.coyote.http11.Http11NioProtocol      : Starting ProtocolHandler ["http-nio-8081"]
2020-01-30 22:29:16.334  INFO 4276 --- [main] o.s.b.w.embedded.tomcat.TomcatWebServer  : Tomcat started on port(s): 8081 (http) with context path ''
2020-01-30 22:29:16.340  INFO 4276 --- [main] c.d.d.s.SpringclouddemoApplication       : Started SpringclouddemoApplication in 5.263 seconds (JVM running for 7.025)
2020-01-30 22:29:23.589  INFO 4276 --- [http-nio-8081-exec-1] o.a.c.c.C.[Tomcat].[localhost].[/]       : Initializing Spring DispatcherServlet 'dispatcherServlet'
2020-01-30 22:29:23.589  INFO 4276 --- [http-nio-8081-exec-1] o.s.web.servlet.DispatcherServlet        : Initializing Servlet 'dispatcherServlet'
2020-01-30 22:29:23.603  INFO 4276 --- [http-nio-8081-exec-1] o.s.web.servlet.DispatcherServlet        : Completed initialization in 14 ms
2020-01-30 22:29:27.052  INFO 4276 --- [http-nio-8081-exec-1] com.zaxxer.hikari.HikariDataSource       : HikariPool-1 - Starting...
2020-01-30 22:29:27.924  INFO 4276 --- [http-nio-8081-exec-1] com.zaxxer.hikari.HikariDataSource       : HikariPool-1 - Start completed.
2020-01-30 22:32:01.684  INFO 4276 --- [SpringContextShutdownHook] o.s.s.concurrent.ThreadPoolTaskExecutor  : Shutting down ExecutorService 'applicationTaskExecutor'
2020-01-30 22:32:01.687  INFO 4276 --- [SpringContextShutdownHook] com.zaxxer.hikari.HikariDataSource       : HikariPool-1 - Shutdown initiated...
2020-01-30 22:32:01.703  INFO 4276 --- [SpringContextShutdownHook] com.zaxxer.hikari.HikariDataSource       : HikariPool-1 - Shutdown completed.
2020-01-30 22:32:12.281  INFO 8964 --- [main] c.d.d.s.SpringclouddemoApplication       : Starting SpringclouddemoApplication on USER-20191130CS with PID 8964 (E:\project\idea-workspace\practice\springclouddemo\target\classes started by Administrator in E:\project\idea-workspace\practice\springclouddemo)
2020-01-30 22:32:12.289  INFO 8964 --- [main] c.d.d.s.SpringclouddemoApplication       : The following profiles are active: dev
2020-01-30 22:32:14.240  INFO 8964 --- [main] o.s.b.w.embedded.tomcat.TomcatWebServer  : Tomcat initialized with port(s): 8081 (http)
2020-01-30 22:32:14.255  INFO 8964 --- [main] o.a.coyote.http11.Http11NioProtocol      : Initializing ProtocolHandler ["http-nio-8081"]
2020-01-30 22:32:14.256  INFO 8964 --- [main] o.apache.catalina.core.StandardService   : Starting service [Tomcat]
2020-01-30 22:32:14.257  INFO 8964 --- [main] org.apache.catalina.core.StandardEngine  : Starting Servlet engine: [Apache Tomcat/9.0.29]
2020-01-30 22:32:14.443  INFO 8964 --- [main] o.a.c.c.C.[Tomcat].[localhost].[/]       : Initializing Spring embedded WebApplicationContext
2020-01-30 22:32:14.444  INFO 8964 --- [main] o.s.web.context.ContextLoader            : Root WebApplicationContext: initialization completed in 2043 ms
2020-01-30 22:32:15.754  INFO 8964 --- [main] o.s.s.concurrent.ThreadPoolTaskExecutor  : Initializing ExecutorService 'applicationTaskExecutor'
2020-01-30 22:32:16.075  INFO 8964 --- [main] o.a.coyote.http11.Http11NioProtocol      : Starting ProtocolHandler ["http-nio-8081"]
2020-01-30 22:32:16.116  INFO 8964 --- [main] o.s.b.w.embedded.tomcat.TomcatWebServer  : Tomcat started on port(s): 8081 (http) with context path ''
2020-01-30 22:32:16.122  INFO 8964 --- [main] c.d.d.s.SpringclouddemoApplication       : Started SpringclouddemoApplication in 5.313 seconds (JVM running for 6.966)
2020-01-30 22:32:20.864  INFO 8964 --- [http-nio-8081-exec-1] o.a.c.c.C.[Tomcat].[localhost].[/]       : Initializing Spring DispatcherServlet 'dispatcherServlet'
2020-01-30 22:32:20.865  INFO 8964 --- [http-nio-8081-exec-1] o.s.web.servlet.DispatcherServlet        : Initializing Servlet 'dispatcherServlet'
2020-01-30 22:32:20.881  INFO 8964 --- [http-nio-8081-exec-1] o.s.web.servlet.DispatcherServlet        : Completed initialization in 16 ms
2020-01-30 22:32:23.043  INFO 8964 --- [http-nio-8081-exec-1] com.zaxxer.hikari.HikariDataSource       : HikariPool-1 - Starting...
2020-01-30 22:32:23.323  INFO 8964 --- [http-nio-8081-exec-1] com.zaxxer.hikari.HikariDataSource       : HikariPool-1 - Start completed.
2020-01-30 22:33:57.325  INFO 8964 --- [SpringContextShutdownHook] o.s.s.concurrent.ThreadPoolTaskExecutor  : Shutting down ExecutorService 'applicationTaskExecutor'
2020-01-30 22:33:57.327  INFO 8964 --- [SpringContextShutdownHook] com.zaxxer.hikari.HikariDataSource       : HikariPool-1 - Shutdown initiated...
2020-01-30 22:33:57.342  INFO 8964 --- [SpringContextShutdownHook] com.zaxxer.hikari.HikariDataSource       : HikariPool-1 - Shutdown completed.
2020-01-30 22:34:07.872  INFO 11744 --- [main] c.d.d.s.SpringclouddemoApplication       : Starting SpringclouddemoApplication on USER-20191130CS with PID 11744 (E:\project\idea-workspace\practice\springclouddemo\target\classes started by Administrator in E:\project\idea-workspace\practice\springclouddemo)
2020-01-30 22:34:07.879  INFO 11744 --- [main] c.d.d.s.SpringclouddemoApplication       : The following profiles are active: dev
2020-01-30 22:34:09.835  INFO 11744 --- [main] o.s.b.w.embedded.tomcat.TomcatWebServer  : Tomcat initialized with port(s): 8081 (http)
2020-01-30 22:34:09.850  INFO 11744 --- [main] o.a.coyote.http11.Http11NioProtocol      : Initializing ProtocolHandler ["http-nio-8081"]
2020-01-30 22:34:09.852  INFO 11744 --- [main] o.apache.catalina.core.StandardService   : Starting service [Tomcat]
2020-01-30 22:34:09.852  INFO 11744 --- [main] org.apache.catalina.core.StandardEngine  : Starting Servlet engine: [Apache Tomcat/9.0.29]
2020-01-30 22:34:10.048  INFO 11744 --- [main] o.a.c.c.C.[Tomcat].[localhost].[/]       : Initializing Spring embedded WebApplicationContext
2020-01-30 22:34:10.048  INFO 11744 --- [main] o.s.web.context.ContextLoader            : Root WebApplicationContext: initialization completed in 2061 ms
2020-01-30 22:34:11.359  INFO 11744 --- [main] o.s.s.concurrent.ThreadPoolTaskExecutor  : Initializing ExecutorService 'applicationTaskExecutor'
2020-01-30 22:34:11.661  INFO 11744 --- [main] o.a.coyote.http11.Http11NioProtocol      : Starting ProtocolHandler ["http-nio-8081"]
2020-01-30 22:34:11.702  INFO 11744 --- [main] o.s.b.w.embedded.tomcat.TomcatWebServer  : Tomcat started on port(s): 8081 (http) with context path ''
2020-01-30 22:34:11.708  INFO 11744 --- [main] c.d.d.s.SpringclouddemoApplication       : Started SpringclouddemoApplication in 5.344 seconds (JVM running for 6.996)
2020-01-30 22:34:17.543  INFO 11744 --- [http-nio-8081-exec-1] o.a.c.c.C.[Tomcat].[localhost].[/]       : Initializing Spring DispatcherServlet 'dispatcherServlet'
2020-01-30 22:34:17.544  INFO 11744 --- [http-nio-8081-exec-1] o.s.web.servlet.DispatcherServlet        : Initializing Servlet 'dispatcherServlet'
2020-01-30 22:34:17.559  INFO 11744 --- [http-nio-8081-exec-1] o.s.web.servlet.DispatcherServlet        : Completed initialization in 15 ms
2020-01-30 22:34:17.807  INFO 11744 --- [http-nio-8081-exec-1] com.zaxxer.hikari.HikariDataSource       : HikariPool-1 - Starting...
2020-01-30 22:34:18.090  INFO 11744 --- [http-nio-8081-exec-1] com.zaxxer.hikari.HikariDataSource       : HikariPool-1 - Start completed.
2020-01-30 22:36:02.792  INFO 11744 --- [SpringContextShutdownHook] o.s.s.concurrent.ThreadPoolTaskExecutor  : Shutting down ExecutorService 'applicationTaskExecutor'
2020-01-30 22:36:02.794  INFO 11744 --- [SpringContextShutdownHook] com.zaxxer.hikari.HikariDataSource       : HikariPool-1 - Shutdown initiated...
2020-01-30 22:36:02.809  INFO 11744 --- [SpringContextShutdownHook] com.zaxxer.hikari.HikariDataSource       : HikariPool-1 - Shutdown completed.
2020-01-30 22:36:14.574  INFO 4972 --- [main] c.d.d.s.SpringclouddemoApplication       : Starting SpringclouddemoApplication on USER-20191130CS with PID 4972 (E:\project\idea-workspace\practice\springclouddemo\target\classes started by Administrator in E:\project\idea-workspace\practice\springclouddemo)
2020-01-30 22:36:14.583  INFO 4972 --- [main] c.d.d.s.SpringclouddemoApplication       : The following profiles are active: dev
2020-01-30 22:36:16.590  INFO 4972 --- [main] o.s.b.w.embedded.tomcat.TomcatWebServer  : Tomcat initialized with port(s): 8081 (http)
2020-01-30 22:36:16.605  INFO 4972 --- [main] o.a.coyote.http11.Http11NioProtocol      : Initializing ProtocolHandler ["http-nio-8081"]
2020-01-30 22:36:16.606  INFO 4972 --- [main] o.apache.catalina.core.StandardService   : Starting service [Tomcat]
2020-01-30 22:36:16.607  INFO 4972 --- [main] org.apache.catalina.core.StandardEngine  : Starting Servlet engine: [Apache Tomcat/9.0.29]
2020-01-30 22:36:16.799  INFO 4972 --- [main] o.a.c.c.C.[Tomcat].[localhost].[/]       : Initializing Spring embedded WebApplicationContext
2020-01-30 22:36:16.799  INFO 4972 --- [main] o.s.web.context.ContextLoader            : Root WebApplicationContext: initialization completed in 2106 ms
2020-01-30 22:36:18.105  INFO 4972 --- [main] o.s.s.concurrent.ThreadPoolTaskExecutor  : Initializing ExecutorService 'applicationTaskExecutor'
2020-01-30 22:36:18.401  INFO 4972 --- [main] o.a.coyote.http11.Http11NioProtocol      : Starting ProtocolHandler ["http-nio-8081"]
2020-01-30 22:36:18.443  INFO 4972 --- [main] o.s.b.w.embedded.tomcat.TomcatWebServer  : Tomcat started on port(s): 8081 (http) with context path ''
2020-01-30 22:36:18.449  INFO 4972 --- [main] c.d.d.s.SpringclouddemoApplication       : Started SpringclouddemoApplication in 5.346 seconds (JVM running for 7.073)
2020-01-30 22:36:27.531  INFO 4972 --- [http-nio-8081-exec-2] o.a.c.c.C.[Tomcat].[localhost].[/]       : Initializing Spring DispatcherServlet 'dispatcherServlet'
2020-01-30 22:36:27.531  INFO 4972 --- [http-nio-8081-exec-2] o.s.web.servlet.DispatcherServlet        : Initializing Servlet 'dispatcherServlet'
2020-01-30 22:36:27.548  INFO 4972 --- [http-nio-8081-exec-2] o.s.web.servlet.DispatcherServlet        : Completed initialization in 16 ms
2020-01-30 22:36:27.759  INFO 4972 --- [http-nio-8081-exec-2] com.zaxxer.hikari.HikariDataSource       : HikariPool-1 - Starting...
2020-01-30 22:36:27.998  INFO 4972 --- [http-nio-8081-exec-2] com.zaxxer.hikari.HikariDataSource       : HikariPool-1 - Start completed.
2020-01-30 22:40:25.957  INFO 4972 --- [SpringContextShutdownHook] o.s.s.concurrent.ThreadPoolTaskExecutor  : Shutting down ExecutorService 'applicationTaskExecutor'
2020-01-30 22:40:25.960  INFO 4972 --- [SpringContextShutdownHook] com.zaxxer.hikari.HikariDataSource       : HikariPool-1 - Shutdown initiated...
2020-01-30 22:40:25.975  INFO 4972 --- [SpringContextShutdownHook] com.zaxxer.hikari.HikariDataSource       : HikariPool-1 - Shutdown completed.
2020-01-30 22:40:36.665  INFO 3884 --- [main] c.d.d.s.SpringclouddemoApplication       : Starting SpringclouddemoApplication on USER-20191130CS with PID 3884 (E:\project\idea-workspace\practice\springclouddemo\target\classes started by Administrator in E:\project\idea-workspace\practice\springclouddemo)
2020-01-30 22:40:36.672  INFO 3884 --- [main] c.d.d.s.SpringclouddemoApplication       : The following profiles are active: dev
2020-01-30 22:40:38.579  INFO 3884 --- [main] o.s.b.w.embedded.tomcat.TomcatWebServer  : Tomcat initialized with port(s): 8081 (http)
2020-01-30 22:40:38.594  INFO 3884 --- [main] o.a.coyote.http11.Http11NioProtocol      : Initializing ProtocolHandler ["http-nio-8081"]
2020-01-30 22:40:38.595  INFO 3884 --- [main] o.apache.catalina.core.StandardService   : Starting service [Tomcat]
2020-01-30 22:40:38.596  INFO 3884 --- [main] org.apache.catalina.core.StandardEngine  : Starting Servlet engine: [Apache Tomcat/9.0.29]
2020-01-30 22:40:38.784  INFO 3884 --- [main] o.a.c.c.C.[Tomcat].[localhost].[/]       : Initializing Spring embedded WebApplicationContext
2020-01-30 22:40:38.785  INFO 3884 --- [main] o.s.web.context.ContextLoader            : Root WebApplicationContext: initialization completed in 2006 ms
2020-01-30 22:40:40.145  INFO 3884 --- [main] o.s.s.concurrent.ThreadPoolTaskExecutor  : Initializing ExecutorService 'applicationTaskExecutor'
2020-01-30 22:40:40.433  INFO 3884 --- [main] o.a.coyote.http11.Http11NioProtocol      : Starting ProtocolHandler ["http-nio-8081"]
2020-01-30 22:40:40.473  INFO 3884 --- [main] o.s.b.w.embedded.tomcat.TomcatWebServer  : Tomcat started on port(s): 8081 (http) with context path ''
2020-01-30 22:40:40.479  INFO 3884 --- [main] c.d.d.s.SpringclouddemoApplication       : Started SpringclouddemoApplication in 5.19 seconds (JVM running for 6.803)
2020-01-30 22:40:56.568  INFO 3884 --- [http-nio-8081-exec-2] o.a.c.c.C.[Tomcat].[localhost].[/]       : Initializing Spring DispatcherServlet 'dispatcherServlet'
2020-01-30 22:40:56.568  INFO 3884 --- [http-nio-8081-exec-2] o.s.web.servlet.DispatcherServlet        : Initializing Servlet 'dispatcherServlet'
2020-01-30 22:40:56.583  INFO 3884 --- [http-nio-8081-exec-2] o.s.web.servlet.DispatcherServlet        : Completed initialization in 14 ms
2020-01-30 22:40:56.796  INFO 3884 --- [http-nio-8081-exec-2] com.zaxxer.hikari.HikariDataSource       : HikariPool-1 - Starting...
2020-01-30 22:40:57.059  INFO 3884 --- [http-nio-8081-exec-2] com.zaxxer.hikari.HikariDataSource       : HikariPool-1 - Start completed.
2020-01-30 22:41:52.837  INFO 3884 --- [SpringContextShutdownHook] o.s.s.concurrent.ThreadPoolTaskExecutor  : Shutting down ExecutorService 'applicationTaskExecutor'
2020-01-30 22:41:52.839  INFO 3884 --- [SpringContextShutdownHook] com.zaxxer.hikari.HikariDataSource       : HikariPool-1 - Shutdown initiated...
2020-01-30 22:41:52.856  INFO 3884 --- [SpringContextShutdownHook] com.zaxxer.hikari.HikariDataSource       : HikariPool-1 - Shutdown completed.
2020-01-30 22:42:02.853  INFO 5548 --- [main] c.d.d.s.SpringclouddemoApplication       : Starting SpringclouddemoApplication on USER-20191130CS with PID 5548 (E:\project\idea-workspace\practice\springclouddemo\target\classes started by Administrator in E:\project\idea-workspace\practice\springclouddemo)
2020-01-30 22:42:02.859  INFO 5548 --- [main] c.d.d.s.SpringclouddemoApplication       : The following profiles are active: dev
2020-01-30 22:42:04.811  INFO 5548 --- [main] o.s.b.w.embedded.tomcat.TomcatWebServer  : Tomcat initialized with port(s): 8081 (http)
2020-01-30 22:42:04.827  INFO 5548 --- [main] o.a.coyote.http11.Http11NioProtocol      : Initializing ProtocolHandler ["http-nio-8081"]
2020-01-30 22:42:04.828  INFO 5548 --- [main] o.apache.catalina.core.StandardService   : Starting service [Tomcat]
2020-01-30 22:42:04.829  INFO 5548 --- [main] org.apache.catalina.core.StandardEngine  : Starting Servlet engine: [Apache Tomcat/9.0.29]
2020-01-30 22:42:05.007  INFO 5548 --- [main] o.a.c.c.C.[Tomcat].[localhost].[/]       : Initializing Spring embedded WebApplicationContext
2020-01-30 22:42:05.007  INFO 5548 --- [main] o.s.web.context.ContextLoader            : Root WebApplicationContext: initialization completed in 2042 ms
2020-01-30 22:42:06.287  INFO 5548 --- [main] o.s.s.concurrent.ThreadPoolTaskExecutor  : Initializing ExecutorService 'applicationTaskExecutor'
2020-01-30 22:42:06.602  INFO 5548 --- [main] o.a.coyote.http11.Http11NioProtocol      : Starting ProtocolHandler ["http-nio-8081"]
2020-01-30 22:42:06.647  INFO 5548 --- [main] o.s.b.w.embedded.tomcat.TomcatWebServer  : Tomcat started on port(s): 8081 (http) with context path ''
2020-01-30 22:42:06.652  INFO 5548 --- [main] c.d.d.s.SpringclouddemoApplication       : Started SpringclouddemoApplication in 5.168 seconds (JVM running for 6.722)
2020-01-30 22:42:12.354  INFO 5548 --- [http-nio-8081-exec-2] o.a.c.c.C.[Tomcat].[localhost].[/]       : Initializing Spring DispatcherServlet 'dispatcherServlet'
2020-01-30 22:42:12.355  INFO 5548 --- [http-nio-8081-exec-2] o.s.web.servlet.DispatcherServlet        : Initializing Servlet 'dispatcherServlet'
2020-01-30 22:42:12.370  INFO 5548 --- [http-nio-8081-exec-2] o.s.web.servlet.DispatcherServlet        : Completed initialization in 15 ms
2020-01-30 22:42:12.594  INFO 5548 --- [http-nio-8081-exec-2] com.zaxxer.hikari.HikariDataSource       : HikariPool-1 - Starting...
2020-01-30 22:42:12.890  INFO 5548 --- [http-nio-8081-exec-2] com.zaxxer.hikari.HikariDataSource       : HikariPool-1 - Start completed.
2020-01-30 22:48:17.875  INFO 5548 --- [SpringContextShutdownHook] o.s.s.concurrent.ThreadPoolTaskExecutor  : Shutting down ExecutorService 'applicationTaskExecutor'
2020-01-30 22:48:17.877  INFO 5548 --- [SpringContextShutdownHook] com.zaxxer.hikari.HikariDataSource       : HikariPool-1 - Shutdown initiated...
2020-01-30 22:48:17.892  INFO 5548 --- [SpringContextShutdownHook] com.zaxxer.hikari.HikariDataSource       : HikariPool-1 - Shutdown completed.
2020-01-30 22:48:28.485  INFO 220 --- [main] c.d.d.s.SpringclouddemoApplication       : Starting SpringclouddemoApplication on USER-20191130CS with PID 220 (E:\project\idea-workspace\practice\springclouddemo\target\classes started by Administrator in E:\project\idea-workspace\practice\springclouddemo)
2020-01-30 22:48:28.491  INFO 220 --- [main] c.d.d.s.SpringclouddemoApplication       : The following profiles are active: dev
2020-01-30 22:48:30.454  INFO 220 --- [main] o.s.b.w.embedded.tomcat.TomcatWebServer  : Tomcat initialized with port(s): 8081 (http)
2020-01-30 22:48:30.468  INFO 220 --- [main] o.a.coyote.http11.Http11NioProtocol      : Initializing ProtocolHandler ["http-nio-8081"]
2020-01-30 22:48:30.469  INFO 220 --- [main] o.apache.catalina.core.StandardService   : Starting service [Tomcat]
2020-01-30 22:48:30.470  INFO 220 --- [main] org.apache.catalina.core.StandardEngine  : Starting Servlet engine: [Apache Tomcat/9.0.29]
2020-01-30 22:48:30.649  INFO 220 --- [main] o.a.c.c.C.[Tomcat].[localhost].[/]       : Initializing Spring embedded WebApplicationContext
2020-01-30 22:48:30.649  INFO 220 --- [main] o.s.web.context.ContextLoader            : Root WebApplicationContext: initialization completed in 2063 ms
2020-01-30 22:48:31.952  INFO 220 --- [main] o.s.s.concurrent.ThreadPoolTaskExecutor  : Initializing ExecutorService 'applicationTaskExecutor'
2020-01-30 22:48:32.278  INFO 220 --- [main] o.a.coyote.http11.Http11NioProtocol      : Starting ProtocolHandler ["http-nio-8081"]
2020-01-30 22:48:32.316  INFO 220 --- [main] o.s.b.w.embedded.tomcat.TomcatWebServer  : Tomcat started on port(s): 8081 (http) with context path ''
2020-01-30 22:48:32.322  INFO 220 --- [main] c.d.d.s.SpringclouddemoApplication       : Started SpringclouddemoApplication in 5.341 seconds (JVM running for 6.988)
2020-01-30 22:48:39.211  INFO 220 --- [http-nio-8081-exec-1] o.a.c.c.C.[Tomcat].[localhost].[/]       : Initializing Spring DispatcherServlet 'dispatcherServlet'
2020-01-30 22:48:39.212  INFO 220 --- [http-nio-8081-exec-1] o.s.web.servlet.DispatcherServlet        : Initializing Servlet 'dispatcherServlet'
2020-01-30 22:48:39.226  INFO 220 --- [http-nio-8081-exec-1] o.s.web.servlet.DispatcherServlet        : Completed initialization in 14 ms
2020-01-30 22:48:39.428  INFO 220 --- [http-nio-8081-exec-1] com.zaxxer.hikari.HikariDataSource       : HikariPool-1 - Starting...
2020-01-30 22:48:39.662  INFO 220 --- [http-nio-8081-exec-1] com.zaxxer.hikari.HikariDataSource       : HikariPool-1 - Start completed.
2020-01-30 22:50:32.662  INFO 220 --- [SpringContextShutdownHook] o.s.s.concurrent.ThreadPoolTaskExecutor  : Shutting down ExecutorService 'applicationTaskExecutor'
2020-01-30 22:50:32.665  INFO 220 --- [SpringContextShutdownHook] com.zaxxer.hikari.HikariDataSource       : HikariPool-1 - Shutdown initiated...
2020-01-30 22:50:32.681  INFO 220 --- [SpringContextShutdownHook] com.zaxxer.hikari.HikariDataSource       : HikariPool-1 - Shutdown completed.
2020-01-30 22:50:39.020  INFO 4708 --- [main] c.d.d.s.SpringclouddemoApplication       : Starting SpringclouddemoApplication on USER-20191130CS with PID 4708 (E:\project\idea-workspace\practice\springclouddemo\target\classes started by Administrator in E:\project\idea-workspace\practice\springclouddemo)
2020-01-30 22:50:39.028  INFO 4708 --- [main] c.d.d.s.SpringclouddemoApplication       : The following profiles are active: dev
2020-01-30 22:50:40.967  INFO 4708 --- [main] o.s.b.w.embedded.tomcat.TomcatWebServer  : Tomcat initialized with port(s): 8081 (http)
2020-01-30 22:50:40.983  INFO 4708 --- [main] o.a.coyote.http11.Http11NioProtocol      : Initializing ProtocolHandler ["http-nio-8081"]
2020-01-30 22:50:40.984  INFO 4708 --- [main] o.apache.catalina.core.StandardService   : Starting service [Tomcat]
2020-01-30 22:50:40.985  INFO 4708 --- [main] org.apache.catalina.core.StandardEngine  : Starting Servlet engine: [Apache Tomcat/9.0.29]
2020-01-30 22:50:41.181  INFO 4708 --- [main] o.a.c.c.C.[Tomcat].[localhost].[/]       : Initializing Spring embedded WebApplicationContext
2020-01-30 22:50:41.181  INFO 4708 --- [main] o.s.web.context.ContextLoader            : Root WebApplicationContext: initialization completed in 2051 ms
2020-01-30 22:50:42.440  INFO 4708 --- [main] o.s.s.concurrent.ThreadPoolTaskExecutor  : Initializing ExecutorService 'applicationTaskExecutor'
2020-01-30 22:50:42.722  INFO 4708 --- [main] o.a.coyote.http11.Http11NioProtocol      : Starting ProtocolHandler ["http-nio-8081"]
2020-01-30 22:50:42.768  INFO 4708 --- [main] o.s.b.w.embedded.tomcat.TomcatWebServer  : Tomcat started on port(s): 8081 (http) with context path ''
2020-01-30 22:50:42.774  INFO 4708 --- [main] c.d.d.s.SpringclouddemoApplication       : Started SpringclouddemoApplication in 5.183 seconds (JVM running for 6.779)
2020-01-30 22:50:46.098  INFO 4708 --- [http-nio-8081-exec-1] o.a.c.c.C.[Tomcat].[localhost].[/]       : Initializing Spring DispatcherServlet 'dispatcherServlet'
2020-01-30 22:50:46.099  INFO 4708 --- [http-nio-8081-exec-1] o.s.web.servlet.DispatcherServlet        : Initializing Servlet 'dispatcherServlet'
2020-01-30 22:50:46.116  INFO 4708 --- [http-nio-8081-exec-1] o.s.web.servlet.DispatcherServlet        : Completed initialization in 16 ms
2020-01-30 22:50:46.343  INFO 4708 --- [http-nio-8081-exec-1] com.zaxxer.hikari.HikariDataSource       : HikariPool-1 - Starting...
2020-01-30 22:50:46.617  INFO 4708 --- [http-nio-8081-exec-1] com.zaxxer.hikari.HikariDataSource       : HikariPool-1 - Start completed.
2020-01-30 22:51:26.218  INFO 4708 --- [SpringContextShutdownHook] o.s.s.concurrent.ThreadPoolTaskExecutor  : Shutting down ExecutorService 'applicationTaskExecutor'
2020-01-30 22:51:26.220  INFO 4708 --- [SpringContextShutdownHook] com.zaxxer.hikari.HikariDataSource       : HikariPool-1 - Shutdown initiated...
2020-01-30 22:51:26.235  INFO 4708 --- [SpringContextShutdownHook] com.zaxxer.hikari.HikariDataSource       : HikariPool-1 - Shutdown completed.
