2020-02-03 08:26:09.484  INFO 9324 --- [main] c.d.d.s.SpringclouddemoApplication       : Starting SpringclouddemoApplication on USER-20191130CS with PID 9324 (E:\project\idea-workspace\practice\springclouddemo\target\classes started by Administrator in E:\project\idea-workspace\practice\springclouddemo)
2020-02-03 08:26:09.546  INFO 9324 --- [main] c.d.d.s.SpringclouddemoApplication       : The following profiles are active: dev
2020-02-03 08:26:11.834  INFO 9324 --- [main] .s.d.r.c.RepositoryConfigurationDelegate : Multiple Spring Data modules found, entering strict repository configuration mode!
2020-02-03 08:26:11.841  INFO 9324 --- [main] .s.d.r.c.RepositoryConfigurationDelegate : Bootstrapping Spring Data Redis repositories in DEFAULT mode.
2020-02-03 08:26:11.933  INFO 9324 --- [main] .s.d.r.c.RepositoryConfigurationDelegate : Finished Spring Data repository scanning in 50ms. Found 0 Redis repository interfaces.
2020-02-03 08:26:12.792  INFO 9324 --- [main] trationDelegate$BeanPostProcessorChecker : Bean 'org.springframework.transaction.annotation.ProxyTransactionManagementConfiguration' of type [org.springframework.transaction.annotation.ProxyTransactionManagementConfiguration] is not eligible for getting processed by all BeanPostProcessors (for example: not eligible for auto-proxying)
2020-02-03 08:26:13.408  INFO 9324 --- [main] o.s.b.w.embedded.tomcat.TomcatWebServer  : Tomcat initialized with port(s): 8081 (http)
2020-02-03 08:26:13.425  INFO 9324 --- [main] o.a.coyote.http11.Http11NioProtocol      : Initializing ProtocolHandler ["http-nio-8081"]
2020-02-03 08:26:13.426  INFO 9324 --- [main] o.apache.catalina.core.StandardService   : Starting service [Tomcat]
2020-02-03 08:26:13.427  INFO 9324 --- [main] org.apache.catalina.core.StandardEngine  : Starting Servlet engine: [Apache Tomcat/9.0.29]
2020-02-03 08:26:13.661  INFO 9324 --- [main] o.a.c.c.C.[Tomcat].[localhost].[/]       : Initializing Spring embedded WebApplicationContext
2020-02-03 08:26:13.662  INFO 9324 --- [main] o.s.web.context.ContextLoader            : Root WebApplicationContext: initialization completed in 3770 ms
2020-02-03 08:26:16.384  INFO 9324 --- [main] o.s.s.concurrent.ThreadPoolTaskExecutor  : Initializing ExecutorService 'applicationTaskExecutor'
2020-02-03 08:26:16.845  INFO 9324 --- [main] d.s.w.p.DocumentationPluginsBootstrapper : Context refreshed
2020-02-03 08:26:16.879  INFO 9324 --- [main] d.s.w.p.DocumentationPluginsBootstrapper : Found 1 custom documentation plugin(s)
2020-02-03 08:26:16.910  INFO 9324 --- [main] s.d.s.w.s.ApiListingReferenceScanner     : Scanning for api listing references
2020-02-03 08:26:16.956  INFO 9324 --- [main] o.a.coyote.http11.Http11NioProtocol      : Starting ProtocolHandler ["http-nio-8081"]
2020-02-03 08:26:17.026  INFO 9324 --- [main] o.s.b.w.embedded.tomcat.TomcatWebServer  : Tomcat started on port(s): 8081 (http) with context path ''
2020-02-03 08:26:17.033  INFO 9324 --- [main] c.d.d.s.SpringclouddemoApplication       : Started SpringclouddemoApplication in 9.827 seconds (JVM running for 14.375)
2020-02-03 08:26:38.323  INFO 9324 --- [SpringContextShutdownHook] o.s.s.concurrent.ThreadPoolTaskExecutor  : Shutting down ExecutorService 'applicationTaskExecutor'
2020-02-03 08:26:54.569  INFO 12008 --- [main] c.d.d.s.SpringclouddemoApplication       : Starting SpringclouddemoApplication on USER-20191130CS with PID 12008 (E:\project\idea-workspace\practice\springclouddemo\target\classes started by Administrator in E:\project\idea-workspace\practice\springclouddemo)
2020-02-03 08:26:54.581  INFO 12008 --- [main] c.d.d.s.SpringclouddemoApplication       : The following profiles are active: dev
2020-02-03 08:26:56.815  INFO 12008 --- [main] .s.d.r.c.RepositoryConfigurationDelegate : Multiple Spring Data modules found, entering strict repository configuration mode!
2020-02-03 08:26:56.821  INFO 12008 --- [main] .s.d.r.c.RepositoryConfigurationDelegate : Bootstrapping Spring Data Redis repositories in DEFAULT mode.
2020-02-03 08:26:56.938  INFO 12008 --- [main] .s.d.r.c.RepositoryConfigurationDelegate : Finished Spring Data repository scanning in 78ms. Found 0 Redis repository interfaces.
2020-02-03 08:26:58.112  INFO 12008 --- [main] trationDelegate$BeanPostProcessorChecker : Bean 'org.springframework.transaction.annotation.ProxyTransactionManagementConfiguration' of type [org.springframework.transaction.annotation.ProxyTransactionManagementConfiguration] is not eligible for getting processed by all BeanPostProcessors (for example: not eligible for auto-proxying)
2020-02-03 08:26:58.910  INFO 12008 --- [main] o.s.b.w.embedded.tomcat.TomcatWebServer  : Tomcat initialized with port(s): 8081 (http)
2020-02-03 08:26:58.943  INFO 12008 --- [main] o.a.coyote.http11.Http11NioProtocol      : Initializing ProtocolHandler ["http-nio-8081"]
2020-02-03 08:26:58.945  INFO 12008 --- [main] o.apache.catalina.core.StandardService   : Starting service [Tomcat]
2020-02-03 08:26:58.946  INFO 12008 --- [main] org.apache.catalina.core.StandardEngine  : Starting Servlet engine: [Apache Tomcat/9.0.29]
2020-02-03 08:26:59.243  INFO 12008 --- [main] o.a.c.c.C.[Tomcat].[localhost].[/]       : Initializing Spring embedded WebApplicationContext
2020-02-03 08:26:59.243  INFO 12008 --- [main] o.s.web.context.ContextLoader            : Root WebApplicationContext: initialization completed in 4533 ms
2020-02-03 08:27:01.880  INFO 12008 --- [main] o.s.s.concurrent.ThreadPoolTaskExecutor  : Initializing ExecutorService 'applicationTaskExecutor'
2020-02-03 08:27:02.358  INFO 12008 --- [main] d.s.w.p.DocumentationPluginsBootstrapper : Context refreshed
2020-02-03 08:27:02.445  INFO 12008 --- [main] d.s.w.p.DocumentationPluginsBootstrapper : Found 1 custom documentation plugin(s)
2020-02-03 08:27:02.491  INFO 12008 --- [main] s.d.s.w.s.ApiListingReferenceScanner     : Scanning for api listing references
2020-02-03 08:27:02.563  INFO 12008 --- [main] o.a.coyote.http11.Http11NioProtocol      : Starting ProtocolHandler ["http-nio-8081"]
2020-02-03 08:27:02.639  INFO 12008 --- [main] o.s.b.w.embedded.tomcat.TomcatWebServer  : Tomcat started on port(s): 8081 (http) with context path ''
2020-02-03 08:27:02.662  INFO 12008 --- [main] c.d.d.s.SpringclouddemoApplication       : Started SpringclouddemoApplication in 10.711 seconds (JVM running for 13.245)
2020-02-03 08:27:14.009  INFO 12008 --- [http-nio-8081-exec-2] o.a.c.c.C.[Tomcat].[localhost].[/]       : Initializing Spring DispatcherServlet 'dispatcherServlet'
2020-02-03 08:27:14.010  INFO 12008 --- [http-nio-8081-exec-2] o.s.web.servlet.DispatcherServlet        : Initializing Servlet 'dispatcherServlet'
2020-02-03 08:27:14.025  INFO 12008 --- [http-nio-8081-exec-2] o.s.web.servlet.DispatcherServlet        : Completed initialization in 15 ms
2020-02-03 08:27:14.173  INFO 12008 --- [http-nio-8081-exec-2] com.zaxxer.hikari.HikariDataSource       : HikariPool-1 - Starting...
2020-02-03 08:27:14.488  INFO 12008 --- [http-nio-8081-exec-2] com.zaxxer.hikari.HikariDataSource       : HikariPool-1 - Start completed.
2020-02-03 08:32:50.293  INFO 12008 --- [SpringContextShutdownHook] o.s.s.concurrent.ThreadPoolTaskExecutor  : Shutting down ExecutorService 'applicationTaskExecutor'
2020-02-03 08:32:50.324  INFO 12008 --- [SpringContextShutdownHook] com.zaxxer.hikari.HikariDataSource       : HikariPool-1 - Shutdown initiated...
2020-02-03 08:32:50.339  INFO 12008 --- [SpringContextShutdownHook] com.zaxxer.hikari.HikariDataSource       : HikariPool-1 - Shutdown completed.
2020-02-03 08:33:03.857  INFO 7204 --- [main] c.d.d.s.SpringclouddemoApplication       : Starting SpringclouddemoApplication on USER-20191130CS with PID 7204 (E:\project\idea-workspace\practice\springclouddemo\target\classes started by Administrator in E:\project\idea-workspace\practice\springclouddemo)
2020-02-03 08:33:03.864  INFO 7204 --- [main] c.d.d.s.SpringclouddemoApplication       : The following profiles are active: dev
2020-02-03 08:33:05.653  INFO 7204 --- [main] .s.d.r.c.RepositoryConfigurationDelegate : Multiple Spring Data modules found, entering strict repository configuration mode!
2020-02-03 08:33:05.658  INFO 7204 --- [main] .s.d.r.c.RepositoryConfigurationDelegate : Bootstrapping Spring Data Redis repositories in DEFAULT mode.
2020-02-03 08:33:05.736  INFO 7204 --- [main] .s.d.r.c.RepositoryConfigurationDelegate : Finished Spring Data repository scanning in 48ms. Found 0 Redis repository interfaces.
2020-02-03 08:33:06.373  INFO 7204 --- [main] trationDelegate$BeanPostProcessorChecker : Bean 'org.springframework.transaction.annotation.ProxyTransactionManagementConfiguration' of type [org.springframework.transaction.annotation.ProxyTransactionManagementConfiguration] is not eligible for getting processed by all BeanPostProcessors (for example: not eligible for auto-proxying)
2020-02-03 08:33:06.938  INFO 7204 --- [main] o.s.b.w.embedded.tomcat.TomcatWebServer  : Tomcat initialized with port(s): 8081 (http)
2020-02-03 08:33:06.958  INFO 7204 --- [main] o.a.coyote.http11.Http11NioProtocol      : Initializing ProtocolHandler ["http-nio-8081"]
2020-02-03 08:33:06.959  INFO 7204 --- [main] o.apache.catalina.core.StandardService   : Starting service [Tomcat]
2020-02-03 08:33:06.960  INFO 7204 --- [main] org.apache.catalina.core.StandardEngine  : Starting Servlet engine: [Apache Tomcat/9.0.29]
2020-02-03 08:33:07.215  INFO 7204 --- [main] o.a.c.c.C.[Tomcat].[localhost].[/]       : Initializing Spring embedded WebApplicationContext
2020-02-03 08:33:07.215  INFO 7204 --- [main] o.s.web.context.ContextLoader            : Root WebApplicationContext: initialization completed in 3260 ms
2020-02-03 08:33:09.783  INFO 7204 --- [main] o.s.s.concurrent.ThreadPoolTaskExecutor  : Initializing ExecutorService 'applicationTaskExecutor'
2020-02-03 08:33:10.249  INFO 7204 --- [main] d.s.w.p.DocumentationPluginsBootstrapper : Context refreshed
2020-02-03 08:33:10.278  INFO 7204 --- [main] d.s.w.p.DocumentationPluginsBootstrapper : Found 1 custom documentation plugin(s)
2020-02-03 08:33:10.306  INFO 7204 --- [main] s.d.s.w.s.ApiListingReferenceScanner     : Scanning for api listing references
2020-02-03 08:33:10.350  INFO 7204 --- [main] o.a.coyote.http11.Http11NioProtocol      : Starting ProtocolHandler ["http-nio-8081"]
2020-02-03 08:33:10.395  INFO 7204 --- [main] o.s.b.w.embedded.tomcat.TomcatWebServer  : Tomcat started on port(s): 8081 (http) with context path ''
2020-02-03 08:33:10.401  INFO 7204 --- [main] c.d.d.s.SpringclouddemoApplication       : Started SpringclouddemoApplication in 8.041 seconds (JVM running for 10.369)
2020-02-03 08:33:19.449  INFO 7204 --- [http-nio-8081-exec-1] o.a.c.c.C.[Tomcat].[localhost].[/]       : Initializing Spring DispatcherServlet 'dispatcherServlet'
2020-02-03 08:33:19.450  INFO 7204 --- [http-nio-8081-exec-1] o.s.web.servlet.DispatcherServlet        : Initializing Servlet 'dispatcherServlet'
2020-02-03 08:33:19.463  INFO 7204 --- [http-nio-8081-exec-1] o.s.web.servlet.DispatcherServlet        : Completed initialization in 13 ms
2020-02-03 08:33:19.606  INFO 7204 --- [http-nio-8081-exec-1] com.zaxxer.hikari.HikariDataSource       : HikariPool-1 - Starting...
2020-02-03 08:33:19.867  INFO 7204 --- [http-nio-8081-exec-1] com.zaxxer.hikari.HikariDataSource       : HikariPool-1 - Start completed.
2020-02-03 08:42:04.703  INFO 7204 --- [SpringContextShutdownHook] o.s.s.concurrent.ThreadPoolTaskExecutor  : Shutting down ExecutorService 'applicationTaskExecutor'
2020-02-03 08:42:04.732  INFO 7204 --- [SpringContextShutdownHook] com.zaxxer.hikari.HikariDataSource       : HikariPool-1 - Shutdown initiated...
2020-02-03 08:42:04.741  INFO 7204 --- [SpringContextShutdownHook] com.zaxxer.hikari.HikariDataSource       : HikariPool-1 - Shutdown completed.
2020-02-03 08:42:15.298  INFO 10880 --- [main] c.d.d.s.SpringclouddemoApplication       : Starting SpringclouddemoApplication on USER-20191130CS with PID 10880 (E:\project\idea-workspace\practice\springclouddemo\target\classes started by Administrator in E:\project\idea-workspace\practice\springclouddemo)
2020-02-03 08:42:15.304  INFO 10880 --- [main] c.d.d.s.SpringclouddemoApplication       : The following profiles are active: dev
2020-02-03 08:42:16.949  INFO 10880 --- [main] .s.d.r.c.RepositoryConfigurationDelegate : Multiple Spring Data modules found, entering strict repository configuration mode!
2020-02-03 08:42:16.953  INFO 10880 --- [main] .s.d.r.c.RepositoryConfigurationDelegate : Bootstrapping Spring Data Redis repositories in DEFAULT mode.
2020-02-03 08:42:17.030  INFO 10880 --- [main] .s.d.r.c.RepositoryConfigurationDelegate : Finished Spring Data repository scanning in 42ms. Found 0 Redis repository interfaces.
2020-02-03 08:42:17.465  INFO 10880 --- [main] trationDelegate$BeanPostProcessorChecker : Bean 'org.springframework.transaction.annotation.ProxyTransactionManagementConfiguration' of type [org.springframework.transaction.annotation.ProxyTransactionManagementConfiguration] is not eligible for getting processed by all BeanPostProcessors (for example: not eligible for auto-proxying)
2020-02-03 08:42:17.812  INFO 10880 --- [main] o.s.b.w.embedded.tomcat.TomcatWebServer  : Tomcat initialized with port(s): 8081 (http)
2020-02-03 08:42:17.826  INFO 10880 --- [main] o.a.coyote.http11.Http11NioProtocol      : Initializing ProtocolHandler ["http-nio-8081"]
2020-02-03 08:42:17.827  INFO 10880 --- [main] o.apache.catalina.core.StandardService   : Starting service [Tomcat]
2020-02-03 08:42:17.827  INFO 10880 --- [main] org.apache.catalina.core.StandardEngine  : Starting Servlet engine: [Apache Tomcat/9.0.29]
2020-02-03 08:42:17.998  INFO 10880 --- [main] o.a.c.c.C.[Tomcat].[localhost].[/]       : Initializing Spring embedded WebApplicationContext
2020-02-03 08:42:17.999  INFO 10880 --- [main] o.s.web.context.ContextLoader            : Root WebApplicationContext: initialization completed in 2598 ms
2020-02-03 08:42:19.775  INFO 10880 --- [main] o.s.s.concurrent.ThreadPoolTaskExecutor  : Initializing ExecutorService 'applicationTaskExecutor'
2020-02-03 08:42:20.098  INFO 10880 --- [main] d.s.w.p.DocumentationPluginsBootstrapper : Context refreshed
2020-02-03 08:42:20.117  INFO 10880 --- [main] d.s.w.p.DocumentationPluginsBootstrapper : Found 1 custom documentation plugin(s)
2020-02-03 08:42:20.135  INFO 10880 --- [main] s.d.s.w.s.ApiListingReferenceScanner     : Scanning for api listing references
2020-02-03 08:42:20.165  INFO 10880 --- [main] o.a.coyote.http11.Http11NioProtocol      : Starting ProtocolHandler ["http-nio-8081"]
2020-02-03 08:42:20.211  INFO 10880 --- [main] o.s.b.w.embedded.tomcat.TomcatWebServer  : Tomcat started on port(s): 8081 (http) with context path ''
2020-02-03 08:42:20.215  INFO 10880 --- [main] c.d.d.s.SpringclouddemoApplication       : Started SpringclouddemoApplication in 6.023 seconds (JVM running for 7.515)
2020-02-03 08:42:25.601  INFO 10880 --- [http-nio-8081-exec-1] o.a.c.c.C.[Tomcat].[localhost].[/]       : Initializing Spring DispatcherServlet 'dispatcherServlet'
2020-02-03 08:42:25.601  INFO 10880 --- [http-nio-8081-exec-1] o.s.web.servlet.DispatcherServlet        : Initializing Servlet 'dispatcherServlet'
2020-02-03 08:42:25.609  INFO 10880 --- [http-nio-8081-exec-1] o.s.web.servlet.DispatcherServlet        : Completed initialization in 8 ms
2020-02-03 08:42:25.710  INFO 10880 --- [http-nio-8081-exec-1] com.zaxxer.hikari.HikariDataSource       : HikariPool-1 - Starting...
2020-02-03 08:42:25.902  INFO 10880 --- [http-nio-8081-exec-1] com.zaxxer.hikari.HikariDataSource       : HikariPool-1 - Start completed.
2020-02-03 08:43:22.427  INFO 5924 --- [main] c.d.d.s.SpringclouddemoApplication       : Starting SpringclouddemoApplication on USER-20191130CS with PID 5924 (E:\project\idea-workspace\practice\springclouddemo\target\classes started by Administrator in E:\project\idea-workspace\practice\springclouddemo)
2020-02-03 08:43:22.434  INFO 5924 --- [main] c.d.d.s.SpringclouddemoApplication       : The following profiles are active: dev
2020-02-03 08:43:24.153  INFO 5924 --- [main] .s.d.r.c.RepositoryConfigurationDelegate : Multiple Spring Data modules found, entering strict repository configuration mode!
2020-02-03 08:43:24.156  INFO 5924 --- [main] .s.d.r.c.RepositoryConfigurationDelegate : Bootstrapping Spring Data Redis repositories in DEFAULT mode.
2020-02-03 08:43:24.221  INFO 5924 --- [main] .s.d.r.c.RepositoryConfigurationDelegate : Finished Spring Data repository scanning in 41ms. Found 0 Redis repository interfaces.
2020-02-03 08:43:24.803  INFO 5924 --- [main] trationDelegate$BeanPostProcessorChecker : Bean 'org.springframework.transaction.annotation.ProxyTransactionManagementConfiguration' of type [org.springframework.transaction.annotation.ProxyTransactionManagementConfiguration] is not eligible for getting processed by all BeanPostProcessors (for example: not eligible for auto-proxying)
2020-02-03 08:43:25.274  INFO 5924 --- [main] o.s.b.w.embedded.tomcat.TomcatWebServer  : Tomcat initialized with port(s): 8081 (http)
2020-02-03 08:43:25.290  INFO 5924 --- [main] o.a.coyote.http11.Http11NioProtocol      : Initializing ProtocolHandler ["http-nio-8081"]
2020-02-03 08:43:25.291  INFO 5924 --- [main] o.apache.catalina.core.StandardService   : Starting service [Tomcat]
2020-02-03 08:43:25.291  INFO 5924 --- [main] org.apache.catalina.core.StandardEngine  : Starting Servlet engine: [Apache Tomcat/9.0.29]
2020-02-03 08:43:25.522  INFO 5924 --- [main] o.a.c.c.C.[Tomcat].[localhost].[/]       : Initializing Spring embedded WebApplicationContext
2020-02-03 08:43:25.523  INFO 5924 --- [main] o.s.web.context.ContextLoader            : Root WebApplicationContext: initialization completed in 2999 ms
2020-02-03 08:43:27.712  INFO 5924 --- [main] o.s.s.concurrent.ThreadPoolTaskExecutor  : Initializing ExecutorService 'applicationTaskExecutor'
2020-02-03 08:43:28.093  INFO 5924 --- [main] d.s.w.p.DocumentationPluginsBootstrapper : Context refreshed
2020-02-03 08:43:28.120  INFO 5924 --- [main] d.s.w.p.DocumentationPluginsBootstrapper : Found 1 custom documentation plugin(s)
2020-02-03 08:43:28.145  INFO 5924 --- [main] s.d.s.w.s.ApiListingReferenceScanner     : Scanning for api listing references
2020-02-03 08:43:28.184  INFO 5924 --- [main] o.a.coyote.http11.Http11NioProtocol      : Starting ProtocolHandler ["http-nio-8081"]
2020-02-03 08:43:28.224  INFO 5924 --- [main] o.s.b.w.embedded.tomcat.TomcatWebServer  : Tomcat started on port(s): 8081 (http) with context path ''
2020-02-03 08:43:28.231  INFO 5924 --- [main] c.d.d.s.SpringclouddemoApplication       : Started SpringclouddemoApplication in 7.244 seconds (JVM running for 9.299)
