2020-02-02 13:44:09.146  INFO 9068 --- [main] c.d.d.s.SpringclouddemoApplication       : Starting SpringclouddemoApplication on USER-20191130CS with PID 9068 (E:\project\idea-workspace\practice\springclouddemo\target\classes started by Administrator in E:\project\idea-workspace\practice\springclouddemo)
2020-02-02 13:44:09.152  INFO 9068 --- [main] c.d.d.s.SpringclouddemoApplication       : The following profiles are active: dev
2020-02-02 13:44:10.723  INFO 9068 --- [main] .s.d.r.c.RepositoryConfigurationDelegate : Multiple Spring Data modules found, entering strict repository configuration mode!
2020-02-02 13:44:10.765  INFO 9068 --- [main] .s.d.r.c.RepositoryConfigurationDelegate : Bootstrapping Spring Data Redis repositories in DEFAULT mode.
2020-02-02 13:44:10.840  INFO 9068 --- [main] .s.d.r.c.RepositoryConfigurationDelegate : Finished Spring Data repository scanning in 40ms. Found 0 Redis repository interfaces.
2020-02-02 13:44:11.645  INFO 9068 --- [main] trationDelegate$BeanPostProcessorChecker : Bean 'org.springframework.transaction.annotation.ProxyTransactionManagementConfiguration' of type [org.springframework.transaction.annotation.ProxyTransactionManagementConfiguration] is not eligible for getting processed by all BeanPostProcessors (for example: not eligible for auto-proxying)
2020-02-02 13:44:12.202  INFO 9068 --- [main] o.s.b.w.embedded.tomcat.TomcatWebServer  : Tomcat initialized with port(s): 8081 (http)
2020-02-02 13:44:12.222  INFO 9068 --- [main] o.a.coyote.http11.Http11NioProtocol      : Initializing ProtocolHandler ["http-nio-8081"]
2020-02-02 13:44:12.224  INFO 9068 --- [main] o.apache.catalina.core.StandardService   : Starting service [Tomcat]
2020-02-02 13:44:12.225  INFO 9068 --- [main] org.apache.catalina.core.StandardEngine  : Starting Servlet engine: [Apache Tomcat/9.0.29]
2020-02-02 13:44:12.500  INFO 9068 --- [main] o.a.c.c.C.[Tomcat].[localhost].[/]       : Initializing Spring embedded WebApplicationContext
2020-02-02 13:44:12.500  INFO 9068 --- [main] o.s.web.context.ContextLoader            : Root WebApplicationContext: initialization completed in 3266 ms
2020-02-02 13:44:14.890  INFO 9068 --- [main] o.s.s.concurrent.ThreadPoolTaskExecutor  : Initializing ExecutorService 'applicationTaskExecutor'
2020-02-02 13:44:16.356  INFO 9068 --- [main] d.s.w.p.DocumentationPluginsBootstrapper : Context refreshed
2020-02-02 13:44:16.395  INFO 9068 --- [main] d.s.w.p.DocumentationPluginsBootstrapper : Found 1 custom documentation plugin(s)
2020-02-02 13:44:16.446  INFO 9068 --- [main] s.d.s.w.s.ApiListingReferenceScanner     : Scanning for api listing references
2020-02-02 13:44:16.530  INFO 9068 --- [main] o.a.coyote.http11.Http11NioProtocol      : Starting ProtocolHandler ["http-nio-8081"]
2020-02-02 13:44:16.798  INFO 9068 --- [main] o.s.b.w.embedded.tomcat.TomcatWebServer  : Tomcat started on port(s): 8081 (http) with context path ''
2020-02-02 13:44:16.809  INFO 9068 --- [main] c.d.d.s.SpringclouddemoApplication       : Started SpringclouddemoApplication in 8.997 seconds (JVM running for 12.791)
2020-02-02 13:45:29.722  INFO 9068 --- [http-nio-8081-exec-4] o.a.c.c.C.[Tomcat].[localhost].[/]       : Initializing Spring DispatcherServlet 'dispatcherServlet'
2020-02-02 13:45:29.723  INFO 9068 --- [http-nio-8081-exec-4] o.s.web.servlet.DispatcherServlet        : Initializing Servlet 'dispatcherServlet'
2020-02-02 13:45:29.735  INFO 9068 --- [http-nio-8081-exec-4] o.s.web.servlet.DispatcherServlet        : Completed initialization in 12 ms
2020-02-02 13:46:42.255  INFO 9068 --- [SpringContextShutdownHook] o.s.s.concurrent.ThreadPoolTaskExecutor  : Shutting down ExecutorService 'applicationTaskExecutor'
2020-02-02 13:46:55.396  INFO 7740 --- [main] c.d.d.s.SpringclouddemoApplication       : Starting SpringclouddemoApplication on USER-20191130CS with PID 7740 (E:\project\idea-workspace\practice\springclouddemo\target\classes started by Administrator in E:\project\idea-workspace\practice\springclouddemo)
2020-02-02 13:46:55.402  INFO 7740 --- [main] c.d.d.s.SpringclouddemoApplication       : The following profiles are active: dev
2020-02-02 13:46:56.959  INFO 7740 --- [main] .s.d.r.c.RepositoryConfigurationDelegate : Multiple Spring Data modules found, entering strict repository configuration mode!
2020-02-02 13:46:56.963  INFO 7740 --- [main] .s.d.r.c.RepositoryConfigurationDelegate : Bootstrapping Spring Data Redis repositories in DEFAULT mode.
2020-02-02 13:46:57.026  INFO 7740 --- [main] .s.d.r.c.RepositoryConfigurationDelegate : Finished Spring Data repository scanning in 38ms. Found 0 Redis repository interfaces.
2020-02-02 13:46:57.633  INFO 7740 --- [main] trationDelegate$BeanPostProcessorChecker : Bean 'org.springframework.transaction.annotation.ProxyTransactionManagementConfiguration' of type [org.springframework.transaction.annotation.ProxyTransactionManagementConfiguration] is not eligible for getting processed by all BeanPostProcessors (for example: not eligible for auto-proxying)
2020-02-02 13:46:58.139  INFO 7740 --- [main] o.s.b.w.embedded.tomcat.TomcatWebServer  : Tomcat initialized with port(s): 8081 (http)
2020-02-02 13:46:58.156  INFO 7740 --- [main] o.a.coyote.http11.Http11NioProtocol      : Initializing ProtocolHandler ["http-nio-8081"]
2020-02-02 13:46:58.157  INFO 7740 --- [main] o.apache.catalina.core.StandardService   : Starting service [Tomcat]
2020-02-02 13:46:58.158  INFO 7740 --- [main] org.apache.catalina.core.StandardEngine  : Starting Servlet engine: [Apache Tomcat/9.0.29]
2020-02-02 13:46:58.394  INFO 7740 --- [main] o.a.c.c.C.[Tomcat].[localhost].[/]       : Initializing Spring embedded WebApplicationContext
2020-02-02 13:46:58.394  INFO 7740 --- [main] o.s.web.context.ContextLoader            : Root WebApplicationContext: initialization completed in 2914 ms
2020-02-02 13:47:00.617  INFO 7740 --- [main] o.s.s.concurrent.ThreadPoolTaskExecutor  : Initializing ExecutorService 'applicationTaskExecutor'
2020-02-02 13:47:01.013  INFO 7740 --- [main] d.s.w.p.DocumentationPluginsBootstrapper : Context refreshed
2020-02-02 13:47:01.037  INFO 7740 --- [main] d.s.w.p.DocumentationPluginsBootstrapper : Found 1 custom documentation plugin(s)
2020-02-02 13:47:01.062  INFO 7740 --- [main] s.d.s.w.s.ApiListingReferenceScanner     : Scanning for api listing references
2020-02-02 13:47:01.097  INFO 7740 --- [main] o.a.coyote.http11.Http11NioProtocol      : Starting ProtocolHandler ["http-nio-8081"]
2020-02-02 13:47:01.137  INFO 7740 --- [main] o.s.b.w.embedded.tomcat.TomcatWebServer  : Tomcat started on port(s): 8081 (http) with context path ''
2020-02-02 13:47:01.143  INFO 7740 --- [main] c.d.d.s.SpringclouddemoApplication       : Started SpringclouddemoApplication in 7.631 seconds (JVM running for 9.655)
2020-02-02 13:49:03.139  INFO 7740 --- [http-nio-8081-exec-1] o.a.c.c.C.[Tomcat].[localhost].[/]       : Initializing Spring DispatcherServlet 'dispatcherServlet'
2020-02-02 13:49:03.140  INFO 7740 --- [http-nio-8081-exec-1] o.s.web.servlet.DispatcherServlet        : Initializing Servlet 'dispatcherServlet'
2020-02-02 13:49:03.153  INFO 7740 --- [http-nio-8081-exec-1] o.s.web.servlet.DispatcherServlet        : Completed initialization in 13 ms
2020-02-02 13:50:08.996  INFO 7740 --- [SpringContextShutdownHook] o.s.s.concurrent.ThreadPoolTaskExecutor  : Shutting down ExecutorService 'applicationTaskExecutor'
2020-02-02 13:50:19.117  INFO 11220 --- [main] c.d.d.s.SpringclouddemoApplication       : Starting SpringclouddemoApplication on USER-20191130CS with PID 11220 (E:\project\idea-workspace\practice\springclouddemo\target\classes started by Administrator in E:\project\idea-workspace\practice\springclouddemo)
2020-02-02 13:50:19.122  INFO 11220 --- [main] c.d.d.s.SpringclouddemoApplication       : The following profiles are active: dev
2020-02-02 13:50:20.406  INFO 11220 --- [main] .s.d.r.c.RepositoryConfigurationDelegate : Multiple Spring Data modules found, entering strict repository configuration mode!
2020-02-02 13:50:20.409  INFO 11220 --- [main] .s.d.r.c.RepositoryConfigurationDelegate : Bootstrapping Spring Data Redis repositories in DEFAULT mode.
2020-02-02 13:50:20.471  INFO 11220 --- [main] .s.d.r.c.RepositoryConfigurationDelegate : Finished Spring Data repository scanning in 42ms. Found 0 Redis repository interfaces.
2020-02-02 13:50:20.908  INFO 11220 --- [main] trationDelegate$BeanPostProcessorChecker : Bean 'org.springframework.transaction.annotation.ProxyTransactionManagementConfiguration' of type [org.springframework.transaction.annotation.ProxyTransactionManagementConfiguration] is not eligible for getting processed by all BeanPostProcessors (for example: not eligible for auto-proxying)
2020-02-02 13:50:21.263  INFO 11220 --- [main] o.s.b.w.embedded.tomcat.TomcatWebServer  : Tomcat initialized with port(s): 8081 (http)
2020-02-02 13:50:21.274  INFO 11220 --- [main] o.a.coyote.http11.Http11NioProtocol      : Initializing ProtocolHandler ["http-nio-8081"]
2020-02-02 13:50:21.274  INFO 11220 --- [main] o.apache.catalina.core.StandardService   : Starting service [Tomcat]
2020-02-02 13:50:21.275  INFO 11220 --- [main] org.apache.catalina.core.StandardEngine  : Starting Servlet engine: [Apache Tomcat/9.0.29]
2020-02-02 13:50:21.446  INFO 11220 --- [main] o.a.c.c.C.[Tomcat].[localhost].[/]       : Initializing Spring embedded WebApplicationContext
2020-02-02 13:50:21.446  INFO 11220 --- [main] o.s.web.context.ContextLoader            : Root WebApplicationContext: initialization completed in 2242 ms
2020-02-02 13:50:23.207  INFO 11220 --- [main] o.s.s.concurrent.ThreadPoolTaskExecutor  : Initializing ExecutorService 'applicationTaskExecutor'
2020-02-02 13:50:23.537  INFO 11220 --- [main] d.s.w.p.DocumentationPluginsBootstrapper : Context refreshed
2020-02-02 13:50:23.558  INFO 11220 --- [main] d.s.w.p.DocumentationPluginsBootstrapper : Found 1 custom documentation plugin(s)
2020-02-02 13:50:23.577  INFO 11220 --- [main] s.d.s.w.s.ApiListingReferenceScanner     : Scanning for api listing references
2020-02-02 13:50:23.608  INFO 11220 --- [main] o.a.coyote.http11.Http11NioProtocol      : Starting ProtocolHandler ["http-nio-8081"]
2020-02-02 13:50:23.641  INFO 11220 --- [main] o.s.b.w.embedded.tomcat.TomcatWebServer  : Tomcat started on port(s): 8081 (http) with context path ''
2020-02-02 13:50:23.644  INFO 11220 --- [main] c.d.d.s.SpringclouddemoApplication       : Started SpringclouddemoApplication in 5.598 seconds (JVM running for 7.226)
2020-02-02 13:50:28.567  INFO 11220 --- [http-nio-8081-exec-1] o.a.c.c.C.[Tomcat].[localhost].[/]       : Initializing Spring DispatcherServlet 'dispatcherServlet'
2020-02-02 13:50:28.567  INFO 11220 --- [http-nio-8081-exec-1] o.s.web.servlet.DispatcherServlet        : Initializing Servlet 'dispatcherServlet'
2020-02-02 13:50:28.574  INFO 11220 --- [http-nio-8081-exec-1] o.s.web.servlet.DispatcherServlet        : Completed initialization in 7 ms
2020-02-02 13:51:06.450  INFO 10724 --- [main] c.d.d.s.SpringclouddemoApplication       : Starting SpringclouddemoApplication on USER-20191130CS with PID 10724 (E:\project\idea-workspace\practice\springclouddemo\target\classes started by Administrator in E:\project\idea-workspace\practice\springclouddemo)
2020-02-02 13:51:06.454  INFO 10724 --- [main] c.d.d.s.SpringclouddemoApplication       : The following profiles are active: dev
2020-02-02 13:51:07.767  INFO 10724 --- [main] .s.d.r.c.RepositoryConfigurationDelegate : Multiple Spring Data modules found, entering strict repository configuration mode!
2020-02-02 13:51:07.770  INFO 10724 --- [main] .s.d.r.c.RepositoryConfigurationDelegate : Bootstrapping Spring Data Redis repositories in DEFAULT mode.
2020-02-02 13:51:07.834  INFO 10724 --- [main] .s.d.r.c.RepositoryConfigurationDelegate : Finished Spring Data repository scanning in 35ms. Found 0 Redis repository interfaces.
2020-02-02 13:51:08.296  INFO 10724 --- [main] trationDelegate$BeanPostProcessorChecker : Bean 'org.springframework.transaction.annotation.ProxyTransactionManagementConfiguration' of type [org.springframework.transaction.annotation.ProxyTransactionManagementConfiguration] is not eligible for getting processed by all BeanPostProcessors (for example: not eligible for auto-proxying)
2020-02-02 13:51:08.658  INFO 10724 --- [main] o.s.b.w.embedded.tomcat.TomcatWebServer  : Tomcat initialized with port(s): 8081 (http)
2020-02-02 13:51:08.672  INFO 10724 --- [main] o.a.coyote.http11.Http11NioProtocol      : Initializing ProtocolHandler ["http-nio-8081"]
2020-02-02 13:51:08.673  INFO 10724 --- [main] o.apache.catalina.core.StandardService   : Starting service [Tomcat]
2020-02-02 13:51:08.673  INFO 10724 --- [main] org.apache.catalina.core.StandardEngine  : Starting Servlet engine: [Apache Tomcat/9.0.29]
2020-02-02 13:51:08.849  INFO 10724 --- [main] o.a.c.c.C.[Tomcat].[localhost].[/]       : Initializing Spring embedded WebApplicationContext
2020-02-02 13:51:08.849  INFO 10724 --- [main] o.s.web.context.ContextLoader            : Root WebApplicationContext: initialization completed in 2315 ms
2020-02-02 13:51:10.777  INFO 10724 --- [main] o.s.s.concurrent.ThreadPoolTaskExecutor  : Initializing ExecutorService 'applicationTaskExecutor'
2020-02-02 13:51:11.092  INFO 10724 --- [main] d.s.w.p.DocumentationPluginsBootstrapper : Context refreshed
2020-02-02 13:51:11.113  INFO 10724 --- [main] d.s.w.p.DocumentationPluginsBootstrapper : Found 1 custom documentation plugin(s)
2020-02-02 13:51:11.133  INFO 10724 --- [main] s.d.s.w.s.ApiListingReferenceScanner     : Scanning for api listing references
2020-02-02 13:51:11.168  INFO 10724 --- [main] o.a.coyote.http11.Http11NioProtocol      : Starting ProtocolHandler ["http-nio-8081"]
2020-02-02 13:51:11.204  INFO 10724 --- [main] o.s.b.w.embedded.tomcat.TomcatWebServer  : Tomcat started on port(s): 8081 (http) with context path ''
2020-02-02 13:51:11.210  INFO 10724 --- [main] c.d.d.s.SpringclouddemoApplication       : Started SpringclouddemoApplication in 5.858 seconds (JVM running for 7.358)
2020-02-02 13:51:11.315  INFO 10724 --- [http-nio-8081-exec-1] o.a.c.c.C.[Tomcat].[localhost].[/]       : Initializing Spring DispatcherServlet 'dispatcherServlet'
2020-02-02 13:51:11.316  INFO 10724 --- [http-nio-8081-exec-1] o.s.web.servlet.DispatcherServlet        : Initializing Servlet 'dispatcherServlet'
2020-02-02 13:51:11.324  INFO 10724 --- [http-nio-8081-exec-1] o.s.web.servlet.DispatcherServlet        : Completed initialization in 8 ms
2020-02-02 13:53:52.757  INFO 8032 --- [main] c.d.d.s.SpringclouddemoApplication       : Starting SpringclouddemoApplication on USER-20191130CS with PID 8032 (E:\project\idea-workspace\practice\springclouddemo\target\classes started by Administrator in E:\project\idea-workspace\practice\springclouddemo)
2020-02-02 13:53:52.774  INFO 8032 --- [main] c.d.d.s.SpringclouddemoApplication       : The following profiles are active: dev
2020-02-02 13:53:54.132  INFO 8032 --- [main] .s.d.r.c.RepositoryConfigurationDelegate : Multiple Spring Data modules found, entering strict repository configuration mode!
2020-02-02 13:53:54.135  INFO 8032 --- [main] .s.d.r.c.RepositoryConfigurationDelegate : Bootstrapping Spring Data Redis repositories in DEFAULT mode.
2020-02-02 13:53:54.192  INFO 8032 --- [main] .s.d.r.c.RepositoryConfigurationDelegate : Finished Spring Data repository scanning in 35ms. Found 0 Redis repository interfaces.
2020-02-02 13:53:54.653  INFO 8032 --- [main] trationDelegate$BeanPostProcessorChecker : Bean 'org.springframework.transaction.annotation.ProxyTransactionManagementConfiguration' of type [org.springframework.transaction.annotation.ProxyTransactionManagementConfiguration] is not eligible for getting processed by all BeanPostProcessors (for example: not eligible for auto-proxying)
2020-02-02 13:53:55.039  INFO 8032 --- [main] o.s.b.w.embedded.tomcat.TomcatWebServer  : Tomcat initialized with port(s): 8081 (http)
2020-02-02 13:53:55.052  INFO 8032 --- [main] o.a.coyote.http11.Http11NioProtocol      : Initializing ProtocolHandler ["http-nio-8081"]
2020-02-02 13:53:55.053  INFO 8032 --- [main] o.apache.catalina.core.StandardService   : Starting service [Tomcat]
2020-02-02 13:53:55.054  INFO 8032 --- [main] org.apache.catalina.core.StandardEngine  : Starting Servlet engine: [Apache Tomcat/9.0.29]
2020-02-02 13:53:55.229  INFO 8032 --- [main] o.a.c.c.C.[Tomcat].[localhost].[/]       : Initializing Spring embedded WebApplicationContext
2020-02-02 13:53:55.229  INFO 8032 --- [main] o.s.web.context.ContextLoader            : Root WebApplicationContext: initialization completed in 2348 ms
2020-02-02 13:53:57.028  INFO 8032 --- [main] o.s.s.concurrent.ThreadPoolTaskExecutor  : Initializing ExecutorService 'applicationTaskExecutor'
2020-02-02 13:53:57.338  INFO 8032 --- [main] d.s.w.p.DocumentationPluginsBootstrapper : Context refreshed
2020-02-02 13:53:57.359  INFO 8032 --- [main] d.s.w.p.DocumentationPluginsBootstrapper : Found 1 custom documentation plugin(s)
2020-02-02 13:53:57.382  INFO 8032 --- [main] s.d.s.w.s.ApiListingReferenceScanner     : Scanning for api listing references
2020-02-02 13:53:57.410  INFO 8032 --- [main] o.a.coyote.http11.Http11NioProtocol      : Starting ProtocolHandler ["http-nio-8081"]
2020-02-02 13:53:57.448  INFO 8032 --- [main] o.s.b.w.embedded.tomcat.TomcatWebServer  : Tomcat started on port(s): 8081 (http) with context path ''
2020-02-02 13:53:57.453  INFO 8032 --- [main] c.d.d.s.SpringclouddemoApplication       : Started SpringclouddemoApplication in 5.78 seconds (JVM running for 7.199)
2020-02-02 13:54:04.677  INFO 8032 --- [http-nio-8081-exec-1] o.a.c.c.C.[Tomcat].[localhost].[/]       : Initializing Spring DispatcherServlet 'dispatcherServlet'
2020-02-02 13:54:04.678  INFO 8032 --- [http-nio-8081-exec-1] o.s.web.servlet.DispatcherServlet        : Initializing Servlet 'dispatcherServlet'
2020-02-02 13:54:04.687  INFO 8032 --- [http-nio-8081-exec-1] o.s.web.servlet.DispatcherServlet        : Completed initialization in 9 ms
2020-02-02 14:27:56.868  INFO 7236 --- [main] c.d.d.s.SpringclouddemoApplication       : Starting SpringclouddemoApplication on USER-20191130CS with PID 7236 (E:\project\idea-workspace\practice\springclouddemo\target\classes started by Administrator in E:\project\idea-workspace\practice\springclouddemo)
2020-02-02 14:27:56.875  INFO 7236 --- [main] c.d.d.s.SpringclouddemoApplication       : The following profiles are active: dev
2020-02-02 14:27:58.369  INFO 7236 --- [main] .s.d.r.c.RepositoryConfigurationDelegate : Multiple Spring Data modules found, entering strict repository configuration mode!
2020-02-02 14:27:58.372  INFO 7236 --- [main] .s.d.r.c.RepositoryConfigurationDelegate : Bootstrapping Spring Data Redis repositories in DEFAULT mode.
2020-02-02 14:27:58.448  INFO 7236 --- [main] .s.d.r.c.RepositoryConfigurationDelegate : Finished Spring Data repository scanning in 53ms. Found 0 Redis repository interfaces.
2020-02-02 14:27:58.975  INFO 7236 --- [main] trationDelegate$BeanPostProcessorChecker : Bean 'org.springframework.transaction.annotation.ProxyTransactionManagementConfiguration' of type [org.springframework.transaction.annotation.ProxyTransactionManagementConfiguration] is not eligible for getting processed by all BeanPostProcessors (for example: not eligible for auto-proxying)
2020-02-02 14:27:59.363  INFO 7236 --- [main] o.s.b.w.embedded.tomcat.TomcatWebServer  : Tomcat initialized with port(s): 8081 (http)
2020-02-02 14:27:59.376  INFO 7236 --- [main] o.a.coyote.http11.Http11NioProtocol      : Initializing ProtocolHandler ["http-nio-8081"]
2020-02-02 14:27:59.377  INFO 7236 --- [main] o.apache.catalina.core.StandardService   : Starting service [Tomcat]
2020-02-02 14:27:59.377  INFO 7236 --- [main] org.apache.catalina.core.StandardEngine  : Starting Servlet engine: [Apache Tomcat/9.0.29]
2020-02-02 14:27:59.576  INFO 7236 --- [main] o.a.c.c.C.[Tomcat].[localhost].[/]       : Initializing Spring embedded WebApplicationContext
2020-02-02 14:27:59.577  INFO 7236 --- [main] o.s.web.context.ContextLoader            : Root WebApplicationContext: initialization completed in 2598 ms
2020-02-02 14:28:01.503  INFO 7236 --- [main] o.s.s.concurrent.ThreadPoolTaskExecutor  : Initializing ExecutorService 'applicationTaskExecutor'
2020-02-02 14:28:01.822  INFO 7236 --- [main] d.s.w.p.DocumentationPluginsBootstrapper : Context refreshed
2020-02-02 14:28:01.843  INFO 7236 --- [main] d.s.w.p.DocumentationPluginsBootstrapper : Found 1 custom documentation plugin(s)
2020-02-02 14:28:01.863  INFO 7236 --- [main] s.d.s.w.s.ApiListingReferenceScanner     : Scanning for api listing references
2020-02-02 14:28:01.895  INFO 7236 --- [main] o.a.coyote.http11.Http11NioProtocol      : Starting ProtocolHandler ["http-nio-8081"]
2020-02-02 14:28:01.928  INFO 7236 --- [main] o.s.b.w.embedded.tomcat.TomcatWebServer  : Tomcat started on port(s): 8081 (http) with context path ''
2020-02-02 14:28:01.932  INFO 7236 --- [main] c.d.d.s.SpringclouddemoApplication       : Started SpringclouddemoApplication in 6.668 seconds (JVM running for 8.285)
2020-02-02 19:54:05.339  INFO 6272 --- [main] c.d.d.s.SpringclouddemoApplication       : Starting SpringclouddemoApplication on USER-20191130CS with PID 6272 (E:\project\idea-workspace\practice\springclouddemo\target\classes started by Administrator in E:\project\idea-workspace\practice\springclouddemo)
2020-02-02 19:54:05.352  INFO 6272 --- [main] c.d.d.s.SpringclouddemoApplication       : The following profiles are active: dev
2020-02-02 19:54:07.566  INFO 6272 --- [main] .s.d.r.c.RepositoryConfigurationDelegate : Multiple Spring Data modules found, entering strict repository configuration mode!
2020-02-02 19:54:07.566  INFO 6272 --- [main] .s.d.r.c.RepositoryConfigurationDelegate : Bootstrapping Spring Data Redis repositories in DEFAULT mode.
2020-02-02 19:54:07.682  INFO 6272 --- [main] .s.d.r.c.RepositoryConfigurationDelegate : Finished Spring Data repository scanning in 57ms. Found 0 Redis repository interfaces.
2020-02-02 19:54:08.583  INFO 6272 --- [main] trationDelegate$BeanPostProcessorChecker : Bean 'org.springframework.transaction.annotation.ProxyTransactionManagementConfiguration' of type [org.springframework.transaction.annotation.ProxyTransactionManagementConfiguration] is not eligible for getting processed by all BeanPostProcessors (for example: not eligible for auto-proxying)
2020-02-02 19:54:09.359  INFO 6272 --- [main] o.s.b.w.embedded.tomcat.TomcatWebServer  : Tomcat initialized with port(s): 8081 (http)
2020-02-02 19:54:09.384  INFO 6272 --- [main] o.a.coyote.http11.Http11NioProtocol      : Initializing ProtocolHandler ["http-nio-8081"]
2020-02-02 19:54:09.386  INFO 6272 --- [main] o.apache.catalina.core.StandardService   : Starting service [Tomcat]
2020-02-02 19:54:09.386  INFO 6272 --- [main] org.apache.catalina.core.StandardEngine  : Starting Servlet engine: [Apache Tomcat/9.0.29]
2020-02-02 19:54:09.768  INFO 6272 --- [main] o.a.c.c.C.[Tomcat].[localhost].[/]       : Initializing Spring embedded WebApplicationContext
2020-02-02 19:54:09.769  INFO 6272 --- [main] o.s.web.context.ContextLoader            : Root WebApplicationContext: initialization completed in 4249 ms
2020-02-02 19:54:13.281  INFO 6272 --- [main] o.s.s.concurrent.ThreadPoolTaskExecutor  : Initializing ExecutorService 'applicationTaskExecutor'
2020-02-02 19:54:13.800  INFO 6272 --- [main] d.s.w.p.DocumentationPluginsBootstrapper : Context refreshed
2020-02-02 19:54:13.839  INFO 6272 --- [main] d.s.w.p.DocumentationPluginsBootstrapper : Found 1 custom documentation plugin(s)
2020-02-02 19:54:13.873  INFO 6272 --- [main] s.d.s.w.s.ApiListingReferenceScanner     : Scanning for api listing references
2020-02-02 19:54:13.925  INFO 6272 --- [main] o.a.coyote.http11.Http11NioProtocol      : Starting ProtocolHandler ["http-nio-8081"]
2020-02-02 19:54:13.980  INFO 6272 --- [main] o.s.b.w.embedded.tomcat.TomcatWebServer  : Tomcat started on port(s): 8081 (http) with context path ''
2020-02-02 19:54:13.988  INFO 6272 --- [main] c.d.d.s.SpringclouddemoApplication       : Started SpringclouddemoApplication in 10.623 seconds (JVM running for 16.179)
2020-02-02 19:54:35.568  INFO 6272 --- [http-nio-8081-exec-1] o.a.c.c.C.[Tomcat].[localhost].[/]       : Initializing Spring DispatcherServlet 'dispatcherServlet'
2020-02-02 19:54:35.569  INFO 6272 --- [http-nio-8081-exec-1] o.s.web.servlet.DispatcherServlet        : Initializing Servlet 'dispatcherServlet'
2020-02-02 19:54:35.583  INFO 6272 --- [http-nio-8081-exec-1] o.s.web.servlet.DispatcherServlet        : Completed initialization in 14 ms
2020-02-02 19:54:54.297  INFO 6272 --- [http-nio-8081-exec-5] com.zaxxer.hikari.HikariDataSource       : HikariPool-1 - Starting...
2020-02-02 19:54:54.624  INFO 6272 --- [http-nio-8081-exec-5] com.zaxxer.hikari.HikariDataSource       : HikariPool-1 - Start completed.
2020-02-02 21:27:13.349  INFO 6272 --- [SpringContextShutdownHook] o.s.s.concurrent.ThreadPoolTaskExecutor  : Shutting down ExecutorService 'applicationTaskExecutor'
2020-02-02 21:27:13.425  INFO 6272 --- [SpringContextShutdownHook] com.zaxxer.hikari.HikariDataSource       : HikariPool-1 - Shutdown initiated...
2020-02-02 21:27:13.432  INFO 6272 --- [SpringContextShutdownHook] com.zaxxer.hikari.HikariDataSource       : HikariPool-1 - Shutdown completed.
2020-02-02 22:23:18.166  INFO 948 --- [main] c.d.d.s.SpringclouddemoApplication       : Starting SpringclouddemoApplication on USER-20191130CS with PID 948 (E:\project\idea-workspace\practice\springclouddemo\target\classes started by Administrator in E:\project\idea-workspace\practice\springclouddemo)
2020-02-02 22:23:18.171  INFO 948 --- [main] c.d.d.s.SpringclouddemoApplication       : The following profiles are active: dev
2020-02-02 22:23:19.821  INFO 948 --- [main] .s.d.r.c.RepositoryConfigurationDelegate : Multiple Spring Data modules found, entering strict repository configuration mode!
2020-02-02 22:23:19.825  INFO 948 --- [main] .s.d.r.c.RepositoryConfigurationDelegate : Bootstrapping Spring Data Redis repositories in DEFAULT mode.
2020-02-02 22:23:19.906  INFO 948 --- [main] .s.d.r.c.RepositoryConfigurationDelegate : Finished Spring Data repository scanning in 49ms. Found 0 Redis repository interfaces.
2020-02-02 22:23:20.529  INFO 948 --- [main] trationDelegate$BeanPostProcessorChecker : Bean 'org.springframework.transaction.annotation.ProxyTransactionManagementConfiguration' of type [org.springframework.transaction.annotation.ProxyTransactionManagementConfiguration] is not eligible for getting processed by all BeanPostProcessors (for example: not eligible for auto-proxying)
2020-02-02 22:23:21.027  INFO 948 --- [main] o.s.b.w.embedded.tomcat.TomcatWebServer  : Tomcat initialized with port(s): 8081 (http)
2020-02-02 22:23:21.044  INFO 948 --- [main] o.a.coyote.http11.Http11NioProtocol      : Initializing ProtocolHandler ["http-nio-8081"]
2020-02-02 22:23:21.045  INFO 948 --- [main] o.apache.catalina.core.StandardService   : Starting service [Tomcat]
2020-02-02 22:23:21.046  INFO 948 --- [main] org.apache.catalina.core.StandardEngine  : Starting Servlet engine: [Apache Tomcat/9.0.29]
2020-02-02 22:23:21.258  INFO 948 --- [main] o.a.c.c.C.[Tomcat].[localhost].[/]       : Initializing Spring embedded WebApplicationContext
2020-02-02 22:23:21.258  INFO 948 --- [main] o.s.web.context.ContextLoader            : Root WebApplicationContext: initialization completed in 2996 ms
2020-02-02 22:23:23.545  INFO 948 --- [main] o.s.s.concurrent.ThreadPoolTaskExecutor  : Initializing ExecutorService 'applicationTaskExecutor'
2020-02-02 22:23:23.972  INFO 948 --- [main] d.s.w.p.DocumentationPluginsBootstrapper : Context refreshed
2020-02-02 22:23:24.003  INFO 948 --- [main] d.s.w.p.DocumentationPluginsBootstrapper : Found 1 custom documentation plugin(s)
2020-02-02 22:23:24.041  INFO 948 --- [main] s.d.s.w.s.ApiListingReferenceScanner     : Scanning for api listing references
2020-02-02 22:23:24.079  INFO 948 --- [main] o.a.coyote.http11.Http11NioProtocol      : Starting ProtocolHandler ["http-nio-8081"]
2020-02-02 22:23:24.119  INFO 948 --- [main] o.s.b.w.embedded.tomcat.TomcatWebServer  : Tomcat started on port(s): 8081 (http) with context path ''
2020-02-02 22:23:24.125  INFO 948 --- [main] c.d.d.s.SpringclouddemoApplication       : Started SpringclouddemoApplication in 7.359 seconds (JVM running for 9.161)
2020-02-02 22:23:27.155  INFO 948 --- [http-nio-8081-exec-1] o.a.c.c.C.[Tomcat].[localhost].[/]       : Initializing Spring DispatcherServlet 'dispatcherServlet'
2020-02-02 22:23:27.155  INFO 948 --- [http-nio-8081-exec-1] o.s.web.servlet.DispatcherServlet        : Initializing Servlet 'dispatcherServlet'
2020-02-02 22:23:27.170  INFO 948 --- [http-nio-8081-exec-1] o.s.web.servlet.DispatcherServlet        : Completed initialization in 14 ms
2020-02-02 22:23:27.321  INFO 948 --- [http-nio-8081-exec-1] com.zaxxer.hikari.HikariDataSource       : HikariPool-1 - Starting...
2020-02-02 22:23:27.564  INFO 948 --- [http-nio-8081-exec-1] com.zaxxer.hikari.HikariDataSource       : HikariPool-1 - Start completed.
2020-02-02 22:51:15.898  INFO 948 --- [SpringContextShutdownHook] o.s.s.concurrent.ThreadPoolTaskExecutor  : Shutting down ExecutorService 'applicationTaskExecutor'
2020-02-02 22:51:15.928  INFO 948 --- [SpringContextShutdownHook] com.zaxxer.hikari.HikariDataSource       : HikariPool-1 - Shutdown initiated...
2020-02-02 22:51:15.944  INFO 948 --- [SpringContextShutdownHook] com.zaxxer.hikari.HikariDataSource       : HikariPool-1 - Shutdown completed.
2020-02-02 22:51:28.735  INFO 1472 --- [main] c.d.d.s.SpringclouddemoApplication       : Starting SpringclouddemoApplication on USER-20191130CS with PID 1472 (E:\project\idea-workspace\practice\springclouddemo\target\classes started by Administrator in E:\project\idea-workspace\practice\springclouddemo)
2020-02-02 22:51:28.742  INFO 1472 --- [main] c.d.d.s.SpringclouddemoApplication       : The following profiles are active: dev
2020-02-02 22:51:30.224  INFO 1472 --- [main] .s.d.r.c.RepositoryConfigurationDelegate : Multiple Spring Data modules found, entering strict repository configuration mode!
2020-02-02 22:51:30.230  INFO 1472 --- [main] .s.d.r.c.RepositoryConfigurationDelegate : Bootstrapping Spring Data Redis repositories in DEFAULT mode.
2020-02-02 22:51:30.303  INFO 1472 --- [main] .s.d.r.c.RepositoryConfigurationDelegate : Finished Spring Data repository scanning in 44ms. Found 0 Redis repository interfaces.
2020-02-02 22:51:31.079  INFO 1472 --- [main] trationDelegate$BeanPostProcessorChecker : Bean 'org.springframework.transaction.annotation.ProxyTransactionManagementConfiguration' of type [org.springframework.transaction.annotation.ProxyTransactionManagementConfiguration] is not eligible for getting processed by all BeanPostProcessors (for example: not eligible for auto-proxying)
2020-02-02 22:51:31.557  INFO 1472 --- [main] o.s.b.w.embedded.tomcat.TomcatWebServer  : Tomcat initialized with port(s): 8081 (http)
2020-02-02 22:51:31.572  INFO 1472 --- [main] o.a.coyote.http11.Http11NioProtocol      : Initializing ProtocolHandler ["http-nio-8081"]
2020-02-02 22:51:31.574  INFO 1472 --- [main] o.apache.catalina.core.StandardService   : Starting service [Tomcat]
2020-02-02 22:51:31.574  INFO 1472 --- [main] org.apache.catalina.core.StandardEngine  : Starting Servlet engine: [Apache Tomcat/9.0.29]
2020-02-02 22:51:31.789  INFO 1472 --- [main] o.a.c.c.C.[Tomcat].[localhost].[/]       : Initializing Spring embedded WebApplicationContext
2020-02-02 22:51:31.790  INFO 1472 --- [main] o.s.web.context.ContextLoader            : Root WebApplicationContext: initialization completed in 2969 ms
2020-02-02 22:51:33.952  INFO 1472 --- [main] o.s.s.concurrent.ThreadPoolTaskExecutor  : Initializing ExecutorService 'applicationTaskExecutor'
2020-02-02 22:51:34.356  INFO 1472 --- [main] d.s.w.p.DocumentationPluginsBootstrapper : Context refreshed
2020-02-02 22:51:34.380  INFO 1472 --- [main] d.s.w.p.DocumentationPluginsBootstrapper : Found 1 custom documentation plugin(s)
2020-02-02 22:51:34.404  INFO 1472 --- [main] s.d.s.w.s.ApiListingReferenceScanner     : Scanning for api listing references
2020-02-02 22:51:34.440  INFO 1472 --- [main] o.a.coyote.http11.Http11NioProtocol      : Starting ProtocolHandler ["http-nio-8081"]
2020-02-02 22:51:34.478  INFO 1472 --- [main] o.s.b.w.embedded.tomcat.TomcatWebServer  : Tomcat started on port(s): 8081 (http) with context path ''
2020-02-02 22:51:34.484  INFO 1472 --- [main] c.d.d.s.SpringclouddemoApplication       : Started SpringclouddemoApplication in 7.178 seconds (JVM running for 8.86)
2020-02-02 22:51:41.235  INFO 1472 --- [http-nio-8081-exec-1] o.a.c.c.C.[Tomcat].[localhost].[/]       : Initializing Spring DispatcherServlet 'dispatcherServlet'
2020-02-02 22:51:41.236  INFO 1472 --- [http-nio-8081-exec-1] o.s.web.servlet.DispatcherServlet        : Initializing Servlet 'dispatcherServlet'
2020-02-02 22:51:41.246  INFO 1472 --- [http-nio-8081-exec-1] o.s.web.servlet.DispatcherServlet        : Completed initialization in 10 ms
2020-02-02 22:51:41.418  INFO 1472 --- [http-nio-8081-exec-1] com.zaxxer.hikari.HikariDataSource       : HikariPool-1 - Starting...
2020-02-02 22:51:41.640  INFO 1472 --- [http-nio-8081-exec-1] com.zaxxer.hikari.HikariDataSource       : HikariPool-1 - Start completed.
2020-02-02 22:54:58.729  INFO 1472 --- [SpringContextShutdownHook] o.s.s.concurrent.ThreadPoolTaskExecutor  : Shutting down ExecutorService 'applicationTaskExecutor'
2020-02-02 22:54:58.760  INFO 1472 --- [SpringContextShutdownHook] com.zaxxer.hikari.HikariDataSource       : HikariPool-1 - Shutdown initiated...
2020-02-02 22:54:58.775  INFO 1472 --- [SpringContextShutdownHook] com.zaxxer.hikari.HikariDataSource       : HikariPool-1 - Shutdown completed.
2020-02-02 22:55:10.426  INFO 11472 --- [main] c.d.d.s.SpringclouddemoApplication       : Starting SpringclouddemoApplication on USER-20191130CS with PID 11472 (E:\project\idea-workspace\practice\springclouddemo\target\classes started by Administrator in E:\project\idea-workspace\practice\springclouddemo)
2020-02-02 22:55:10.434  INFO 11472 --- [main] c.d.d.s.SpringclouddemoApplication       : The following profiles are active: dev
2020-02-02 22:55:12.001  INFO 11472 --- [main] .s.d.r.c.RepositoryConfigurationDelegate : Multiple Spring Data modules found, entering strict repository configuration mode!
2020-02-02 22:55:12.006  INFO 11472 --- [main] .s.d.r.c.RepositoryConfigurationDelegate : Bootstrapping Spring Data Redis repositories in DEFAULT mode.
2020-02-02 22:55:12.098  INFO 11472 --- [main] .s.d.r.c.RepositoryConfigurationDelegate : Finished Spring Data repository scanning in 58ms. Found 0 Redis repository interfaces.
2020-02-02 22:55:12.799  INFO 11472 --- [main] trationDelegate$BeanPostProcessorChecker : Bean 'org.springframework.transaction.annotation.ProxyTransactionManagementConfiguration' of type [org.springframework.transaction.annotation.ProxyTransactionManagementConfiguration] is not eligible for getting processed by all BeanPostProcessors (for example: not eligible for auto-proxying)
2020-02-02 22:55:13.352  INFO 11472 --- [main] o.s.b.w.embedded.tomcat.TomcatWebServer  : Tomcat initialized with port(s): 8081 (http)
2020-02-02 22:55:13.371  INFO 11472 --- [main] o.a.coyote.http11.Http11NioProtocol      : Initializing ProtocolHandler ["http-nio-8081"]
2020-02-02 22:55:13.373  INFO 11472 --- [main] o.apache.catalina.core.StandardService   : Starting service [Tomcat]
2020-02-02 22:55:13.374  INFO 11472 --- [main] org.apache.catalina.core.StandardEngine  : Starting Servlet engine: [Apache Tomcat/9.0.29]
2020-02-02 22:55:13.606  INFO 11472 --- [main] o.a.c.c.C.[Tomcat].[localhost].[/]       : Initializing Spring embedded WebApplicationContext
2020-02-02 22:55:13.607  INFO 11472 --- [main] o.s.web.context.ContextLoader            : Root WebApplicationContext: initialization completed in 3085 ms
2020-02-02 22:55:15.829  INFO 11472 --- [main] o.s.s.concurrent.ThreadPoolTaskExecutor  : Initializing ExecutorService 'applicationTaskExecutor'
2020-02-02 22:55:16.231  INFO 11472 --- [main] d.s.w.p.DocumentationPluginsBootstrapper : Context refreshed
2020-02-02 22:55:16.258  INFO 11472 --- [main] d.s.w.p.DocumentationPluginsBootstrapper : Found 1 custom documentation plugin(s)
2020-02-02 22:55:16.282  INFO 11472 --- [main] s.d.s.w.s.ApiListingReferenceScanner     : Scanning for api listing references
2020-02-02 22:55:16.319  INFO 11472 --- [main] o.a.coyote.http11.Http11NioProtocol      : Starting ProtocolHandler ["http-nio-8081"]
2020-02-02 22:55:16.359  INFO 11472 --- [main] o.s.b.w.embedded.tomcat.TomcatWebServer  : Tomcat started on port(s): 8081 (http) with context path ''
2020-02-02 22:55:16.364  INFO 11472 --- [main] c.d.d.s.SpringclouddemoApplication       : Started SpringclouddemoApplication in 7.321 seconds (JVM running for 9.072)
2020-02-02 22:55:20.491  INFO 11472 --- [http-nio-8081-exec-1] o.a.c.c.C.[Tomcat].[localhost].[/]       : Initializing Spring DispatcherServlet 'dispatcherServlet'
2020-02-02 22:55:20.491  INFO 11472 --- [http-nio-8081-exec-1] o.s.web.servlet.DispatcherServlet        : Initializing Servlet 'dispatcherServlet'
2020-02-02 22:55:20.504  INFO 11472 --- [http-nio-8081-exec-1] o.s.web.servlet.DispatcherServlet        : Completed initialization in 13 ms
2020-02-02 22:57:51.068  INFO 11472 --- [SpringContextShutdownHook] o.s.s.concurrent.ThreadPoolTaskExecutor  : Shutting down ExecutorService 'applicationTaskExecutor'
2020-02-02 22:58:02.118  INFO 4660 --- [main] c.d.d.s.SpringclouddemoApplication       : Starting SpringclouddemoApplication on USER-20191130CS with PID 4660 (E:\project\idea-workspace\practice\springclouddemo\target\classes started by Administrator in E:\project\idea-workspace\practice\springclouddemo)
2020-02-02 22:58:02.126  INFO 4660 --- [main] c.d.d.s.SpringclouddemoApplication       : The following profiles are active: dev
2020-02-02 22:58:03.554  INFO 4660 --- [main] .s.d.r.c.RepositoryConfigurationDelegate : Multiple Spring Data modules found, entering strict repository configuration mode!
2020-02-02 22:58:03.558  INFO 4660 --- [main] .s.d.r.c.RepositoryConfigurationDelegate : Bootstrapping Spring Data Redis repositories in DEFAULT mode.
2020-02-02 22:58:03.625  INFO 4660 --- [main] .s.d.r.c.RepositoryConfigurationDelegate : Finished Spring Data repository scanning in 42ms. Found 0 Redis repository interfaces.
2020-02-02 22:58:04.184  INFO 4660 --- [main] trationDelegate$BeanPostProcessorChecker : Bean 'org.springframework.transaction.annotation.ProxyTransactionManagementConfiguration' of type [org.springframework.transaction.annotation.ProxyTransactionManagementConfiguration] is not eligible for getting processed by all BeanPostProcessors (for example: not eligible for auto-proxying)
2020-02-02 22:58:04.653  INFO 4660 --- [main] o.s.b.w.embedded.tomcat.TomcatWebServer  : Tomcat initialized with port(s): 8081 (http)
2020-02-02 22:58:04.668  INFO 4660 --- [main] o.a.coyote.http11.Http11NioProtocol      : Initializing ProtocolHandler ["http-nio-8081"]
2020-02-02 22:58:04.670  INFO 4660 --- [main] o.apache.catalina.core.StandardService   : Starting service [Tomcat]
2020-02-02 22:58:04.670  INFO 4660 --- [main] org.apache.catalina.core.StandardEngine  : Starting Servlet engine: [Apache Tomcat/9.0.29]
2020-02-02 22:58:04.870  INFO 4660 --- [main] o.a.c.c.C.[Tomcat].[localhost].[/]       : Initializing Spring embedded WebApplicationContext
2020-02-02 22:58:04.871  INFO 4660 --- [main] o.s.web.context.ContextLoader            : Root WebApplicationContext: initialization completed in 2655 ms
2020-02-02 22:58:06.980  INFO 4660 --- [main] o.s.s.concurrent.ThreadPoolTaskExecutor  : Initializing ExecutorService 'applicationTaskExecutor'
2020-02-02 22:58:07.391  INFO 4660 --- [main] d.s.w.p.DocumentationPluginsBootstrapper : Context refreshed
2020-02-02 22:58:07.417  INFO 4660 --- [main] d.s.w.p.DocumentationPluginsBootstrapper : Found 1 custom documentation plugin(s)
2020-02-02 22:58:07.442  INFO 4660 --- [main] s.d.s.w.s.ApiListingReferenceScanner     : Scanning for api listing references
2020-02-02 22:58:07.479  INFO 4660 --- [main] o.a.coyote.http11.Http11NioProtocol      : Starting ProtocolHandler ["http-nio-8081"]
2020-02-02 22:58:07.521  INFO 4660 --- [main] o.s.b.w.embedded.tomcat.TomcatWebServer  : Tomcat started on port(s): 8081 (http) with context path ''
2020-02-02 22:58:07.527  INFO 4660 --- [main] c.d.d.s.SpringclouddemoApplication       : Started SpringclouddemoApplication in 6.952 seconds (JVM running for 8.621)
2020-02-02 22:58:12.691  INFO 4660 --- [http-nio-8081-exec-1] o.a.c.c.C.[Tomcat].[localhost].[/]       : Initializing Spring DispatcherServlet 'dispatcherServlet'
2020-02-02 22:58:12.691  INFO 4660 --- [http-nio-8081-exec-1] o.s.web.servlet.DispatcherServlet        : Initializing Servlet 'dispatcherServlet'
2020-02-02 22:58:12.703  INFO 4660 --- [http-nio-8081-exec-1] o.s.web.servlet.DispatcherServlet        : Completed initialization in 12 ms
2020-02-02 23:00:35.763  INFO 4660 --- [SpringContextShutdownHook] o.s.s.concurrent.ThreadPoolTaskExecutor  : Shutting down ExecutorService 'applicationTaskExecutor'
2020-02-02 23:00:46.894  INFO 10632 --- [main] c.d.d.s.SpringclouddemoApplication       : Starting SpringclouddemoApplication on USER-20191130CS with PID 10632 (E:\project\idea-workspace\practice\springclouddemo\target\classes started by Administrator in E:\project\idea-workspace\practice\springclouddemo)
2020-02-02 23:00:46.904  INFO 10632 --- [main] c.d.d.s.SpringclouddemoApplication       : The following profiles are active: dev
2020-02-02 23:00:48.536  INFO 10632 --- [main] .s.d.r.c.RepositoryConfigurationDelegate : Multiple Spring Data modules found, entering strict repository configuration mode!
2020-02-02 23:00:48.540  INFO 10632 --- [main] .s.d.r.c.RepositoryConfigurationDelegate : Bootstrapping Spring Data Redis repositories in DEFAULT mode.
2020-02-02 23:00:48.610  INFO 10632 --- [main] .s.d.r.c.RepositoryConfigurationDelegate : Finished Spring Data repository scanning in 44ms. Found 0 Redis repository interfaces.
2020-02-02 23:00:49.397  INFO 10632 --- [main] trationDelegate$BeanPostProcessorChecker : Bean 'org.springframework.transaction.annotation.ProxyTransactionManagementConfiguration' of type [org.springframework.transaction.annotation.ProxyTransactionManagementConfiguration] is not eligible for getting processed by all BeanPostProcessors (for example: not eligible for auto-proxying)
2020-02-02 23:00:49.925  INFO 10632 --- [main] o.s.b.w.embedded.tomcat.TomcatWebServer  : Tomcat initialized with port(s): 8081 (http)
2020-02-02 23:00:49.942  INFO 10632 --- [main] o.a.coyote.http11.Http11NioProtocol      : Initializing ProtocolHandler ["http-nio-8081"]
2020-02-02 23:00:49.944  INFO 10632 --- [main] o.apache.catalina.core.StandardService   : Starting service [Tomcat]
2020-02-02 23:00:49.944  INFO 10632 --- [main] org.apache.catalina.core.StandardEngine  : Starting Servlet engine: [Apache Tomcat/9.0.29]
2020-02-02 23:00:50.187  INFO 10632 --- [main] o.a.c.c.C.[Tomcat].[localhost].[/]       : Initializing Spring embedded WebApplicationContext
2020-02-02 23:00:50.187  INFO 10632 --- [main] o.s.web.context.ContextLoader            : Root WebApplicationContext: initialization completed in 3186 ms
2020-02-02 23:00:52.441  INFO 10632 --- [main] o.s.s.concurrent.ThreadPoolTaskExecutor  : Initializing ExecutorService 'applicationTaskExecutor'
2020-02-02 23:00:52.924  INFO 10632 --- [main] d.s.w.p.DocumentationPluginsBootstrapper : Context refreshed
2020-02-02 23:00:52.952  INFO 10632 --- [main] d.s.w.p.DocumentationPluginsBootstrapper : Found 1 custom documentation plugin(s)
2020-02-02 23:00:52.979  INFO 10632 --- [main] s.d.s.w.s.ApiListingReferenceScanner     : Scanning for api listing references
2020-02-02 23:00:53.019  INFO 10632 --- [main] o.a.coyote.http11.Http11NioProtocol      : Starting ProtocolHandler ["http-nio-8081"]
2020-02-02 23:00:53.059  INFO 10632 --- [main] o.s.b.w.embedded.tomcat.TomcatWebServer  : Tomcat started on port(s): 8081 (http) with context path ''
2020-02-02 23:00:53.071  INFO 10632 --- [main] c.d.d.s.SpringclouddemoApplication       : Started SpringclouddemoApplication in 7.624 seconds (JVM running for 9.483)
2020-02-02 23:01:10.988  INFO 10632 --- [http-nio-8081-exec-1] o.a.c.c.C.[Tomcat].[localhost].[/]       : Initializing Spring DispatcherServlet 'dispatcherServlet'
2020-02-02 23:01:10.989  INFO 10632 --- [http-nio-8081-exec-1] o.s.web.servlet.DispatcherServlet        : Initializing Servlet 'dispatcherServlet'
2020-02-02 23:01:11.004  INFO 10632 --- [http-nio-8081-exec-1] o.s.web.servlet.DispatcherServlet        : Completed initialization in 15 ms
2020-02-02 23:02:00.168  INFO 10632 --- [SpringContextShutdownHook] o.s.s.concurrent.ThreadPoolTaskExecutor  : Shutting down ExecutorService 'applicationTaskExecutor'
2020-02-02 23:02:10.582  INFO 8660 --- [main] c.d.d.s.SpringclouddemoApplication       : Starting SpringclouddemoApplication on USER-20191130CS with PID 8660 (E:\project\idea-workspace\practice\springclouddemo\target\classes started by Administrator in E:\project\idea-workspace\practice\springclouddemo)
2020-02-02 23:02:10.590  INFO 8660 --- [main] c.d.d.s.SpringclouddemoApplication       : The following profiles are active: dev
2020-02-02 23:02:12.191  INFO 8660 --- [main] .s.d.r.c.RepositoryConfigurationDelegate : Multiple Spring Data modules found, entering strict repository configuration mode!
2020-02-02 23:02:12.195  INFO 8660 --- [main] .s.d.r.c.RepositoryConfigurationDelegate : Bootstrapping Spring Data Redis repositories in DEFAULT mode.
2020-02-02 23:02:12.261  INFO 8660 --- [main] .s.d.r.c.RepositoryConfigurationDelegate : Finished Spring Data repository scanning in 42ms. Found 0 Redis repository interfaces.
2020-02-02 23:02:12.828  INFO 8660 --- [main] trationDelegate$BeanPostProcessorChecker : Bean 'org.springframework.transaction.annotation.ProxyTransactionManagementConfiguration' of type [org.springframework.transaction.annotation.ProxyTransactionManagementConfiguration] is not eligible for getting processed by all BeanPostProcessors (for example: not eligible for auto-proxying)
2020-02-02 23:02:13.258  INFO 8660 --- [main] o.s.b.w.embedded.tomcat.TomcatWebServer  : Tomcat initialized with port(s): 8081 (http)
2020-02-02 23:02:13.273  INFO 8660 --- [main] o.a.coyote.http11.Http11NioProtocol      : Initializing ProtocolHandler ["http-nio-8081"]
2020-02-02 23:02:13.274  INFO 8660 --- [main] o.apache.catalina.core.StandardService   : Starting service [Tomcat]
2020-02-02 23:02:13.274  INFO 8660 --- [main] org.apache.catalina.core.StandardEngine  : Starting Servlet engine: [Apache Tomcat/9.0.29]
2020-02-02 23:02:13.473  INFO 8660 --- [main] o.a.c.c.C.[Tomcat].[localhost].[/]       : Initializing Spring embedded WebApplicationContext
2020-02-02 23:02:13.473  INFO 8660 --- [main] o.s.web.context.ContextLoader            : Root WebApplicationContext: initialization completed in 2781 ms
2020-02-02 23:02:15.647  INFO 8660 --- [main] o.s.s.concurrent.ThreadPoolTaskExecutor  : Initializing ExecutorService 'applicationTaskExecutor'
2020-02-02 23:02:16.030  INFO 8660 --- [main] d.s.w.p.DocumentationPluginsBootstrapper : Context refreshed
2020-02-02 23:02:16.055  INFO 8660 --- [main] d.s.w.p.DocumentationPluginsBootstrapper : Found 1 custom documentation plugin(s)
2020-02-02 23:02:16.078  INFO 8660 --- [main] s.d.s.w.s.ApiListingReferenceScanner     : Scanning for api listing references
2020-02-02 23:02:16.117  INFO 8660 --- [main] o.a.coyote.http11.Http11NioProtocol      : Starting ProtocolHandler ["http-nio-8081"]
2020-02-02 23:02:16.157  INFO 8660 --- [main] o.s.b.w.embedded.tomcat.TomcatWebServer  : Tomcat started on port(s): 8081 (http) with context path ''
2020-02-02 23:02:16.163  INFO 8660 --- [main] c.d.d.s.SpringclouddemoApplication       : Started SpringclouddemoApplication in 7.024 seconds (JVM running for 8.698)
2020-02-02 23:02:20.111  INFO 8660 --- [http-nio-8081-exec-2] o.a.c.c.C.[Tomcat].[localhost].[/]       : Initializing Spring DispatcherServlet 'dispatcherServlet'
2020-02-02 23:02:20.111  INFO 8660 --- [http-nio-8081-exec-2] o.s.web.servlet.DispatcherServlet        : Initializing Servlet 'dispatcherServlet'
2020-02-02 23:02:20.124  INFO 8660 --- [http-nio-8081-exec-2] o.s.web.servlet.DispatcherServlet        : Completed initialization in 13 ms
2020-02-02 23:02:51.680  INFO 8660 --- [SpringContextShutdownHook] o.s.s.concurrent.ThreadPoolTaskExecutor  : Shutting down ExecutorService 'applicationTaskExecutor'
2020-02-02 23:03:20.163  INFO 3740 --- [main] c.d.d.s.SpringclouddemoApplication       : Starting SpringclouddemoApplication on USER-20191130CS with PID 3740 (E:\project\idea-workspace\practice\springclouddemo\target\classes started by Administrator in E:\project\idea-workspace\practice\springclouddemo)
2020-02-02 23:03:20.174  INFO 3740 --- [main] c.d.d.s.SpringclouddemoApplication       : The following profiles are active: dev
2020-02-02 23:03:21.773  INFO 3740 --- [main] .s.d.r.c.RepositoryConfigurationDelegate : Multiple Spring Data modules found, entering strict repository configuration mode!
2020-02-02 23:03:21.777  INFO 3740 --- [main] .s.d.r.c.RepositoryConfigurationDelegate : Bootstrapping Spring Data Redis repositories in DEFAULT mode.
2020-02-02 23:03:21.850  INFO 3740 --- [main] .s.d.r.c.RepositoryConfigurationDelegate : Finished Spring Data repository scanning in 46ms. Found 0 Redis repository interfaces.
2020-02-02 23:03:22.427  INFO 3740 --- [main] trationDelegate$BeanPostProcessorChecker : Bean 'org.springframework.transaction.annotation.ProxyTransactionManagementConfiguration' of type [org.springframework.transaction.annotation.ProxyTransactionManagementConfiguration] is not eligible for getting processed by all BeanPostProcessors (for example: not eligible for auto-proxying)
2020-02-02 23:03:22.893  INFO 3740 --- [main] o.s.b.w.embedded.tomcat.TomcatWebServer  : Tomcat initialized with port(s): 8081 (http)
2020-02-02 23:03:22.908  INFO 3740 --- [main] o.a.coyote.http11.Http11NioProtocol      : Initializing ProtocolHandler ["http-nio-8081"]
2020-02-02 23:03:22.909  INFO 3740 --- [main] o.apache.catalina.core.StandardService   : Starting service [Tomcat]
2020-02-02 23:03:22.909  INFO 3740 --- [main] org.apache.catalina.core.StandardEngine  : Starting Servlet engine: [Apache Tomcat/9.0.29]
2020-02-02 23:03:23.105  INFO 3740 --- [main] o.a.c.c.C.[Tomcat].[localhost].[/]       : Initializing Spring embedded WebApplicationContext
2020-02-02 23:03:23.105  INFO 3740 --- [main] o.s.web.context.ContextLoader            : Root WebApplicationContext: initialization completed in 2821 ms
2020-02-02 23:03:25.213  INFO 3740 --- [main] o.s.s.concurrent.ThreadPoolTaskExecutor  : Initializing ExecutorService 'applicationTaskExecutor'
2020-02-02 23:03:25.617  INFO 3740 --- [main] d.s.w.p.DocumentationPluginsBootstrapper : Context refreshed
2020-02-02 23:03:25.643  INFO 3740 --- [main] d.s.w.p.DocumentationPluginsBootstrapper : Found 1 custom documentation plugin(s)
2020-02-02 23:03:25.671  INFO 3740 --- [main] s.d.s.w.s.ApiListingReferenceScanner     : Scanning for api listing references
2020-02-02 23:03:25.713  INFO 3740 --- [main] o.a.coyote.http11.Http11NioProtocol      : Starting ProtocolHandler ["http-nio-8081"]
2020-02-02 23:03:25.756  INFO 3740 --- [main] o.s.b.w.embedded.tomcat.TomcatWebServer  : Tomcat started on port(s): 8081 (http) with context path ''
2020-02-02 23:03:25.762  INFO 3740 --- [main] c.d.d.s.SpringclouddemoApplication       : Started SpringclouddemoApplication in 7.013 seconds (JVM running for 8.668)
2020-02-02 23:03:32.406  INFO 3740 --- [http-nio-8081-exec-2] o.a.c.c.C.[Tomcat].[localhost].[/]       : Initializing Spring DispatcherServlet 'dispatcherServlet'
2020-02-02 23:03:32.407  INFO 3740 --- [http-nio-8081-exec-2] o.s.web.servlet.DispatcherServlet        : Initializing Servlet 'dispatcherServlet'
2020-02-02 23:03:32.417  INFO 3740 --- [http-nio-8081-exec-2] o.s.web.servlet.DispatcherServlet        : Completed initialization in 10 ms
2020-02-02 23:03:32.618  INFO 3740 --- [http-nio-8081-exec-2] com.zaxxer.hikari.HikariDataSource       : HikariPool-1 - Starting...
2020-02-02 23:03:32.851  INFO 3740 --- [http-nio-8081-exec-2] com.zaxxer.hikari.HikariDataSource       : HikariPool-1 - Start completed.
2020-02-02 23:04:37.305  INFO 3740 --- [SpringContextShutdownHook] o.s.s.concurrent.ThreadPoolTaskExecutor  : Shutting down ExecutorService 'applicationTaskExecutor'
2020-02-02 23:04:37.335  INFO 3740 --- [SpringContextShutdownHook] com.zaxxer.hikari.HikariDataSource       : HikariPool-1 - Shutdown initiated...
2020-02-02 23:04:37.350  INFO 3740 --- [SpringContextShutdownHook] com.zaxxer.hikari.HikariDataSource       : HikariPool-1 - Shutdown completed.
2020-02-02 23:04:48.220  INFO 12116 --- [main] c.d.d.s.SpringclouddemoApplication       : Starting SpringclouddemoApplication on USER-20191130CS with PID 12116 (E:\project\idea-workspace\practice\springclouddemo\target\classes started by Administrator in E:\project\idea-workspace\practice\springclouddemo)
2020-02-02 23:04:48.231  INFO 12116 --- [main] c.d.d.s.SpringclouddemoApplication       : The following profiles are active: dev
2020-02-02 23:04:50.056  INFO 12116 --- [main] .s.d.r.c.RepositoryConfigurationDelegate : Multiple Spring Data modules found, entering strict repository configuration mode!
2020-02-02 23:04:50.060  INFO 12116 --- [main] .s.d.r.c.RepositoryConfigurationDelegate : Bootstrapping Spring Data Redis repositories in DEFAULT mode.
2020-02-02 23:04:50.127  INFO 12116 --- [main] .s.d.r.c.RepositoryConfigurationDelegate : Finished Spring Data repository scanning in 43ms. Found 0 Redis repository interfaces.
2020-02-02 23:04:50.694  INFO 12116 --- [main] trationDelegate$BeanPostProcessorChecker : Bean 'org.springframework.transaction.annotation.ProxyTransactionManagementConfiguration' of type [org.springframework.transaction.annotation.ProxyTransactionManagementConfiguration] is not eligible for getting processed by all BeanPostProcessors (for example: not eligible for auto-proxying)
2020-02-02 23:04:51.147  INFO 12116 --- [main] o.s.b.w.embedded.tomcat.TomcatWebServer  : Tomcat initialized with port(s): 8081 (http)
2020-02-02 23:04:51.162  INFO 12116 --- [main] o.a.coyote.http11.Http11NioProtocol      : Initializing ProtocolHandler ["http-nio-8081"]
2020-02-02 23:04:51.164  INFO 12116 --- [main] o.apache.catalina.core.StandardService   : Starting service [Tomcat]
2020-02-02 23:04:51.164  INFO 12116 --- [main] org.apache.catalina.core.StandardEngine  : Starting Servlet engine: [Apache Tomcat/9.0.29]
2020-02-02 23:04:51.379  INFO 12116 --- [main] o.a.c.c.C.[Tomcat].[localhost].[/]       : Initializing Spring embedded WebApplicationContext
2020-02-02 23:04:51.379  INFO 12116 --- [main] o.s.web.context.ContextLoader            : Root WebApplicationContext: initialization completed in 3023 ms
2020-02-02 23:04:53.658  INFO 12116 --- [main] o.s.s.concurrent.ThreadPoolTaskExecutor  : Initializing ExecutorService 'applicationTaskExecutor'
2020-02-02 23:04:54.041  INFO 12116 --- [main] d.s.w.p.DocumentationPluginsBootstrapper : Context refreshed
2020-02-02 23:04:54.067  INFO 12116 --- [main] d.s.w.p.DocumentationPluginsBootstrapper : Found 1 custom documentation plugin(s)
2020-02-02 23:04:54.100  INFO 12116 --- [main] s.d.s.w.s.ApiListingReferenceScanner     : Scanning for api listing references
2020-02-02 23:04:54.141  INFO 12116 --- [main] o.a.coyote.http11.Http11NioProtocol      : Starting ProtocolHandler ["http-nio-8081"]
2020-02-02 23:04:54.182  INFO 12116 --- [main] o.s.b.w.embedded.tomcat.TomcatWebServer  : Tomcat started on port(s): 8081 (http) with context path ''
2020-02-02 23:04:54.190  INFO 12116 --- [main] c.d.d.s.SpringclouddemoApplication       : Started SpringclouddemoApplication in 7.369 seconds (JVM running for 9.241)
2020-02-02 23:04:59.276  INFO 12116 --- [http-nio-8081-exec-2] o.a.c.c.C.[Tomcat].[localhost].[/]       : Initializing Spring DispatcherServlet 'dispatcherServlet'
2020-02-02 23:04:59.276  INFO 12116 --- [http-nio-8081-exec-2] o.s.web.servlet.DispatcherServlet        : Initializing Servlet 'dispatcherServlet'
2020-02-02 23:04:59.289  INFO 12116 --- [http-nio-8081-exec-2] o.s.web.servlet.DispatcherServlet        : Completed initialization in 13 ms
2020-02-02 23:04:59.431  INFO 12116 --- [http-nio-8081-exec-2] com.zaxxer.hikari.HikariDataSource       : HikariPool-1 - Starting...
2020-02-02 23:04:59.668  INFO 12116 --- [http-nio-8081-exec-2] com.zaxxer.hikari.HikariDataSource       : HikariPool-1 - Start completed.
2020-02-02 23:07:33.896  INFO 12116 --- [SpringContextShutdownHook] o.s.s.concurrent.ThreadPoolTaskExecutor  : Shutting down ExecutorService 'applicationTaskExecutor'
2020-02-02 23:07:33.927  INFO 12116 --- [SpringContextShutdownHook] com.zaxxer.hikari.HikariDataSource       : HikariPool-1 - Shutdown initiated...
2020-02-02 23:07:33.942  INFO 12116 --- [SpringContextShutdownHook] com.zaxxer.hikari.HikariDataSource       : HikariPool-1 - Shutdown completed.
2020-02-02 23:07:44.289  INFO 2132 --- [main] c.d.d.s.SpringclouddemoApplication       : Starting SpringclouddemoApplication on USER-20191130CS with PID 2132 (E:\project\idea-workspace\practice\springclouddemo\target\classes started by Administrator in E:\project\idea-workspace\practice\springclouddemo)
2020-02-02 23:07:44.299  INFO 2132 --- [main] c.d.d.s.SpringclouddemoApplication       : The following profiles are active: dev
2020-02-02 23:07:45.955  INFO 2132 --- [main] .s.d.r.c.RepositoryConfigurationDelegate : Multiple Spring Data modules found, entering strict repository configuration mode!
2020-02-02 23:07:45.959  INFO 2132 --- [main] .s.d.r.c.RepositoryConfigurationDelegate : Bootstrapping Spring Data Redis repositories in DEFAULT mode.
2020-02-02 23:07:46.029  INFO 2132 --- [main] .s.d.r.c.RepositoryConfigurationDelegate : Finished Spring Data repository scanning in 41ms. Found 0 Redis repository interfaces.
2020-02-02 23:07:46.585  INFO 2132 --- [main] trationDelegate$BeanPostProcessorChecker : Bean 'org.springframework.transaction.annotation.ProxyTransactionManagementConfiguration' of type [org.springframework.transaction.annotation.ProxyTransactionManagementConfiguration] is not eligible for getting processed by all BeanPostProcessors (for example: not eligible for auto-proxying)
2020-02-02 23:07:47.037  INFO 2132 --- [main] o.s.b.w.embedded.tomcat.TomcatWebServer  : Tomcat initialized with port(s): 8081 (http)
2020-02-02 23:07:47.051  INFO 2132 --- [main] o.a.coyote.http11.Http11NioProtocol      : Initializing ProtocolHandler ["http-nio-8081"]
2020-02-02 23:07:47.053  INFO 2132 --- [main] o.apache.catalina.core.StandardService   : Starting service [Tomcat]
2020-02-02 23:07:47.053  INFO 2132 --- [main] org.apache.catalina.core.StandardEngine  : Starting Servlet engine: [Apache Tomcat/9.0.29]
2020-02-02 23:07:47.246  INFO 2132 --- [main] o.a.c.c.C.[Tomcat].[localhost].[/]       : Initializing Spring embedded WebApplicationContext
2020-02-02 23:07:47.246  INFO 2132 --- [main] o.s.web.context.ContextLoader            : Root WebApplicationContext: initialization completed in 2843 ms
2020-02-02 23:07:49.328  INFO 2132 --- [main] o.s.s.concurrent.ThreadPoolTaskExecutor  : Initializing ExecutorService 'applicationTaskExecutor'
2020-02-02 23:07:49.723  INFO 2132 --- [main] d.s.w.p.DocumentationPluginsBootstrapper : Context refreshed
2020-02-02 23:07:49.749  INFO 2132 --- [main] d.s.w.p.DocumentationPluginsBootstrapper : Found 1 custom documentation plugin(s)
2020-02-02 23:07:49.772  INFO 2132 --- [main] s.d.s.w.s.ApiListingReferenceScanner     : Scanning for api listing references
2020-02-02 23:07:49.812  INFO 2132 --- [main] o.a.coyote.http11.Http11NioProtocol      : Starting ProtocolHandler ["http-nio-8081"]
2020-02-02 23:07:49.851  INFO 2132 --- [main] o.s.b.w.embedded.tomcat.TomcatWebServer  : Tomcat started on port(s): 8081 (http) with context path ''
2020-02-02 23:07:49.856  INFO 2132 --- [main] c.d.d.s.SpringclouddemoApplication       : Started SpringclouddemoApplication in 6.952 seconds (JVM running for 8.609)
2020-02-02 23:07:57.175  INFO 2132 --- [http-nio-8081-exec-1] o.a.c.c.C.[Tomcat].[localhost].[/]       : Initializing Spring DispatcherServlet 'dispatcherServlet'
2020-02-02 23:07:57.176  INFO 2132 --- [http-nio-8081-exec-1] o.s.web.servlet.DispatcherServlet        : Initializing Servlet 'dispatcherServlet'
2020-02-02 23:07:57.189  INFO 2132 --- [http-nio-8081-exec-1] o.s.web.servlet.DispatcherServlet        : Completed initialization in 13 ms
2020-02-02 23:07:57.313  INFO 2132 --- [http-nio-8081-exec-1] com.zaxxer.hikari.HikariDataSource       : HikariPool-1 - Starting...
2020-02-02 23:07:57.559  INFO 2132 --- [http-nio-8081-exec-1] com.zaxxer.hikari.HikariDataSource       : HikariPool-1 - Start completed.
2020-02-02 23:10:21.445  INFO 2132 --- [SpringContextShutdownHook] o.s.s.concurrent.ThreadPoolTaskExecutor  : Shutting down ExecutorService 'applicationTaskExecutor'
2020-02-02 23:10:21.476  INFO 2132 --- [SpringContextShutdownHook] com.zaxxer.hikari.HikariDataSource       : HikariPool-1 - Shutdown initiated...
2020-02-02 23:10:21.492  INFO 2132 --- [SpringContextShutdownHook] com.zaxxer.hikari.HikariDataSource       : HikariPool-1 - Shutdown completed.
